[2016-06-21 15:07:27] main.DEBUG: cache_invalidate:  {"method":"POST","url":"http://localhost:9090/m2team/setup/index.php/install/start","invalidateInfo":{"tags":["CONFIG"],"mode":"matchingTag"},"is_exception":false} []
[2016-06-21 15:07:27] main.DEBUG: cache_invalidate:  {"method":"POST","url":"http://localhost:9090/m2team/setup/index.php/install/start","invalidateInfo":{"tags":["LAYOUT_GENERAL_CACHE_TAG"],"mode":"matchingTag"},"is_exception":false} []
[2016-06-21 15:07:27] main.DEBUG: cache_invalidate:  {"method":"POST","url":"http://localhost:9090/m2team/setup/index.php/install/start","invalidateInfo":{"tags":["BLOCK_HTML"],"mode":"matchingTag"},"is_exception":false} []
[2016-06-21 15:07:27] main.DEBUG: cache_invalidate:  {"method":"POST","url":"http://localhost:9090/m2team/setup/index.php/install/start","invalidateInfo":{"tags":["COLLECTION_DATA"],"mode":"matchingTag"},"is_exception":false} []
[2016-06-21 15:07:27] main.DEBUG: cache_invalidate:  {"method":"POST","url":"http://localhost:9090/m2team/setup/index.php/install/start","invalidateInfo":{"tags":["REFLECTION"],"mode":"matchingTag"},"is_exception":false} []
[2016-06-21 15:07:27] main.DEBUG: cache_invalidate:  {"method":"POST","url":"http://localhost:9090/m2team/setup/index.php/install/start","invalidateInfo":{"tags":["DB_DDL"],"mode":"matchingTag"},"is_exception":false} []
[2016-06-21 15:07:27] main.DEBUG: cache_invalidate:  {"method":"POST","url":"http://localhost:9090/m2team/setup/index.php/install/start","invalidateInfo":{"tags":["EAV"],"mode":"matchingTag"},"is_exception":false} []
[2016-06-21 15:07:27] main.DEBUG: cache_invalidate:  {"method":"POST","url":"http://localhost:9090/m2team/setup/index.php/install/start","invalidateInfo":{"tags":["INTEGRATION"],"mode":"matchingTag"},"is_exception":false} []
[2016-06-21 15:07:27] main.DEBUG: cache_invalidate:  {"method":"POST","url":"http://localhost:9090/m2team/setup/index.php/install/start","invalidateInfo":{"tags":["INTEGRATION_API_CONFIG"],"mode":"matchingTag"},"is_exception":false} []
[2016-06-21 15:07:27] main.DEBUG: cache_invalidate:  {"method":"POST","url":"http://localhost:9090/m2team/setup/index.php/install/start","invalidateInfo":{"tags":["FPC"],"mode":"matchingTag"},"is_exception":false} []
[2016-06-21 15:07:27] main.DEBUG: cache_invalidate:  {"method":"POST","url":"http://localhost:9090/m2team/setup/index.php/install/start","invalidateInfo":{"tags":["TRANSLATE"],"mode":"matchingTag"},"is_exception":false} []
[2016-06-21 15:07:27] main.DEBUG: cache_invalidate:  {"method":"POST","url":"http://localhost:9090/m2team/setup/index.php/install/start","invalidateInfo":{"tags":["WEBSERVICE"],"mode":"matchingTag"},"is_exception":false} []
[2016-06-21 15:08:08] main.DEBUG: cache_invalidate:  {"method":"POST","url":"http://localhost:9090/m2team/setup/index.php/install/start","invalidateInfo":{"tags":["EAV"],"mode":"matchingAnyTag"},"is_exception":false} []
[2016-06-21 15:08:17] main.DEBUG: cache_invalidate:  {"method":"POST","url":"http://localhost:9090/m2team/setup/index.php/install/start","invalidateInfo":{"tags":["EAV","EAV_ATTRIBUTE"],"mode":"matchingAnyTag"},"is_exception":false} []
[2016-06-21 15:08:17] main.DEBUG: cache_invalidate:  {"method":"POST","url":"http://localhost:9090/m2team/setup/index.php/install/start","invalidateInfo":{"tags":["EAV_ATTRIBUTE"],"mode":"matchingAnyTag"},"is_exception":false} []
[2016-06-21 15:08:17] main.DEBUG: cache_invalidate:  {"method":"POST","url":"http://localhost:9090/m2team/setup/index.php/install/start","invalidateInfo":{"tags":["EAV_ATTRIBUTE_21","EAV_ATTRIBUTE"],"mode":"matchingAnyTag"},"is_exception":false} []
[2016-06-21 15:08:17] main.DEBUG: cache_invalidate:  {"method":"POST","url":"http://localhost:9090/m2team/setup/index.php/install/start","invalidateInfo":{"tags":["EAV_ATTRIBUTE_21","EAV_ATTRIBUTE"],"mode":"matchingAnyTag"},"is_exception":false} []
[2016-06-21 15:08:18] main.DEBUG: cache_invalidate:  {"method":"POST","url":"http://localhost:9090/m2team/setup/index.php/install/start","invalidateInfo":{"tags":["EAV","EAV_ATTRIBUTE"],"mode":"matchingAnyTag"},"is_exception":false} []
[2016-06-21 15:08:18] main.DEBUG: cache_invalidate:  {"method":"POST","url":"http://localhost:9090/m2team/setup/index.php/install/start","invalidateInfo":{"tags":["EAV_ATTRIBUTE"],"mode":"matchingAnyTag"},"is_exception":false} []
[2016-06-21 15:08:18] main.DEBUG: cache_invalidate:  {"method":"POST","url":"http://localhost:9090/m2team/setup/index.php/install/start","invalidateInfo":{"tags":["EAV_ATTRIBUTE_36","EAV_ATTRIBUTE"],"mode":"matchingAnyTag"},"is_exception":false} []
[2016-06-21 15:08:18] main.DEBUG: cache_invalidate:  {"method":"POST","url":"http://localhost:9090/m2team/setup/index.php/install/start","invalidateInfo":{"tags":["EAV_ATTRIBUTE_36","EAV_ATTRIBUTE"],"mode":"matchingAnyTag"},"is_exception":false} []
[2016-06-21 15:08:19] main.DEBUG: cache_invalidate:  {"method":"POST","url":"http://localhost:9090/m2team/setup/index.php/install/start","invalidateInfo":{"tags":["EAV","EAV_ATTRIBUTE"],"mode":"matchingAnyTag"},"is_exception":false} []
[2016-06-21 15:08:19] main.DEBUG: cache_invalidate:  {"method":"POST","url":"http://localhost:9090/m2team/setup/index.php/install/start","invalidateInfo":{"tags":["EAV_ATTRIBUTE"],"mode":"matchingAnyTag"},"is_exception":false} []
[2016-06-21 15:08:19] main.DEBUG: cache_invalidate:  {"method":"POST","url":"http://localhost:9090/m2team/setup/index.php/install/start","invalidateInfo":{"tags":["EAV_ATTRIBUTE_1","EAV_ATTRIBUTE"],"mode":"matchingAnyTag"},"is_exception":false} []
[2016-06-21 15:08:19] main.DEBUG: cache_invalidate:  {"method":"POST","url":"http://localhost:9090/m2team/setup/index.php/install/start","invalidateInfo":{"tags":["EAV_ATTRIBUTE_1","EAV_ATTRIBUTE"],"mode":"matchingAnyTag"},"is_exception":false} []
[2016-06-21 15:08:20] main.DEBUG: cache_invalidate:  {"method":"POST","url":"http://localhost:9090/m2team/setup/index.php/install/start","invalidateInfo":{"tags":["EAV","EAV_ATTRIBUTE"],"mode":"matchingAnyTag"},"is_exception":false} []
[2016-06-21 15:08:20] main.DEBUG: cache_invalidate:  {"method":"POST","url":"http://localhost:9090/m2team/setup/index.php/install/start","invalidateInfo":{"tags":["EAV_ATTRIBUTE"],"mode":"matchingAnyTag"},"is_exception":false} []
[2016-06-21 15:08:20] main.DEBUG: cache_invalidate:  {"method":"POST","url":"http://localhost:9090/m2team/setup/index.php/install/start","invalidateInfo":{"tags":["EAV_ATTRIBUTE_3","EAV_ATTRIBUTE"],"mode":"matchingAnyTag"},"is_exception":false} []
[2016-06-21 15:08:20] main.DEBUG: cache_invalidate:  {"method":"POST","url":"http://localhost:9090/m2team/setup/index.php/install/start","invalidateInfo":{"tags":["EAV_ATTRIBUTE_3","EAV_ATTRIBUTE"],"mode":"matchingAnyTag"},"is_exception":false} []
[2016-06-21 15:08:20] main.DEBUG: cache_invalidate:  {"method":"POST","url":"http://localhost:9090/m2team/setup/index.php/install/start","invalidateInfo":{"tags":["EAV","EAV_ATTRIBUTE"],"mode":"matchingAnyTag"},"is_exception":false} []
[2016-06-21 15:08:20] main.DEBUG: cache_invalidate:  {"method":"POST","url":"http://localhost:9090/m2team/setup/index.php/install/start","invalidateInfo":{"tags":["EAV_ATTRIBUTE"],"mode":"matchingAnyTag"},"is_exception":false} []
[2016-06-21 15:08:20] main.DEBUG: cache_invalidate:  {"method":"POST","url":"http://localhost:9090/m2team/setup/index.php/install/start","invalidateInfo":{"tags":["EAV_ATTRIBUTE_9","EAV_ATTRIBUTE"],"mode":"matchingAnyTag"},"is_exception":false} []
[2016-06-21 15:08:20] main.DEBUG: cache_invalidate:  {"method":"POST","url":"http://localhost:9090/m2team/setup/index.php/install/start","invalidateInfo":{"tags":["EAV_ATTRIBUTE_9","EAV_ATTRIBUTE"],"mode":"matchingAnyTag"},"is_exception":false} []
[2016-06-21 15:08:20] main.DEBUG: cache_invalidate:  {"method":"POST","url":"http://localhost:9090/m2team/setup/index.php/install/start","invalidateInfo":{"tags":["EAV","EAV_ATTRIBUTE"],"mode":"matchingAnyTag"},"is_exception":false} []
[2016-06-21 15:08:20] main.DEBUG: cache_invalidate:  {"method":"POST","url":"http://localhost:9090/m2team/setup/index.php/install/start","invalidateInfo":{"tags":["EAV_ATTRIBUTE"],"mode":"matchingAnyTag"},"is_exception":false} []
[2016-06-21 15:08:20] main.DEBUG: cache_invalidate:  {"method":"POST","url":"http://localhost:9090/m2team/setup/index.php/install/start","invalidateInfo":{"tags":["EAV_ATTRIBUTE_10","EAV_ATTRIBUTE"],"mode":"matchingAnyTag"},"is_exception":false} []
[2016-06-21 15:08:20] main.DEBUG: cache_invalidate:  {"method":"POST","url":"http://localhost:9090/m2team/setup/index.php/install/start","invalidateInfo":{"tags":["EAV_ATTRIBUTE_10","EAV_ATTRIBUTE"],"mode":"matchingAnyTag"},"is_exception":false} []
[2016-06-21 15:08:20] main.DEBUG: cache_invalidate:  {"method":"POST","url":"http://localhost:9090/m2team/setup/index.php/install/start","invalidateInfo":{"tags":["EAV","EAV_ATTRIBUTE"],"mode":"matchingAnyTag"},"is_exception":false} []
[2016-06-21 15:08:20] main.DEBUG: cache_invalidate:  {"method":"POST","url":"http://localhost:9090/m2team/setup/index.php/install/start","invalidateInfo":{"tags":["EAV_ATTRIBUTE"],"mode":"matchingAnyTag"},"is_exception":false} []
[2016-06-21 15:08:20] main.DEBUG: cache_invalidate:  {"method":"POST","url":"http://localhost:9090/m2team/setup/index.php/install/start","invalidateInfo":{"tags":["EAV_ATTRIBUTE_11","EAV_ATTRIBUTE"],"mode":"matchingAnyTag"},"is_exception":false} []
[2016-06-21 15:08:20] main.DEBUG: cache_invalidate:  {"method":"POST","url":"http://localhost:9090/m2team/setup/index.php/install/start","invalidateInfo":{"tags":["EAV_ATTRIBUTE_11","EAV_ATTRIBUTE"],"mode":"matchingAnyTag"},"is_exception":false} []
[2016-06-21 15:08:20] main.DEBUG: cache_invalidate:  {"method":"POST","url":"http://localhost:9090/m2team/setup/index.php/install/start","invalidateInfo":{"tags":["EAV","EAV_ATTRIBUTE"],"mode":"matchingAnyTag"},"is_exception":false} []
[2016-06-21 15:08:20] main.DEBUG: cache_invalidate:  {"method":"POST","url":"http://localhost:9090/m2team/setup/index.php/install/start","invalidateInfo":{"tags":["EAV_ATTRIBUTE"],"mode":"matchingAnyTag"},"is_exception":false} []
[2016-06-21 15:08:20] main.DEBUG: cache_invalidate:  {"method":"POST","url":"http://localhost:9090/m2team/setup/index.php/install/start","invalidateInfo":{"tags":["EAV_ATTRIBUTE_17","EAV_ATTRIBUTE"],"mode":"matchingAnyTag"},"is_exception":false} []
[2016-06-21 15:08:20] main.DEBUG: cache_invalidate:  {"method":"POST","url":"http://localhost:9090/m2team/setup/index.php/install/start","invalidateInfo":{"tags":["EAV_ATTRIBUTE_17","EAV_ATTRIBUTE"],"mode":"matchingAnyTag"},"is_exception":false} []
[2016-06-21 15:08:21] main.DEBUG: cache_invalidate:  {"method":"POST","url":"http://localhost:9090/m2team/setup/index.php/install/start","invalidateInfo":{"tags":["EAV","EAV_ATTRIBUTE"],"mode":"matchingAnyTag"},"is_exception":false} []
[2016-06-21 15:08:21] main.DEBUG: cache_invalidate:  {"method":"POST","url":"http://localhost:9090/m2team/setup/index.php/install/start","invalidateInfo":{"tags":["EAV_ATTRIBUTE"],"mode":"matchingAnyTag"},"is_exception":false} []
[2016-06-21 15:08:21] main.DEBUG: cache_invalidate:  {"method":"POST","url":"http://localhost:9090/m2team/setup/index.php/install/start","invalidateInfo":{"tags":["EAV_ATTRIBUTE_18","EAV_ATTRIBUTE"],"mode":"matchingAnyTag"},"is_exception":false} []
[2016-06-21 15:08:21] main.DEBUG: cache_invalidate:  {"method":"POST","url":"http://localhost:9090/m2team/setup/index.php/install/start","invalidateInfo":{"tags":["EAV_ATTRIBUTE_18","EAV_ATTRIBUTE"],"mode":"matchingAnyTag"},"is_exception":false} []
[2016-06-21 15:08:21] main.DEBUG: cache_invalidate:  {"method":"POST","url":"http://localhost:9090/m2team/setup/index.php/install/start","invalidateInfo":{"tags":["EAV","EAV_ATTRIBUTE"],"mode":"matchingAnyTag"},"is_exception":false} []
[2016-06-21 15:08:21] main.DEBUG: cache_invalidate:  {"method":"POST","url":"http://localhost:9090/m2team/setup/index.php/install/start","invalidateInfo":{"tags":["EAV_ATTRIBUTE"],"mode":"matchingAnyTag"},"is_exception":false} []
[2016-06-21 15:08:21] main.DEBUG: cache_invalidate:  {"method":"POST","url":"http://localhost:9090/m2team/setup/index.php/install/start","invalidateInfo":{"tags":["EAV_ATTRIBUTE_19","EAV_ATTRIBUTE"],"mode":"matchingAnyTag"},"is_exception":false} []
[2016-06-21 15:08:21] main.DEBUG: cache_invalidate:  {"method":"POST","url":"http://localhost:9090/m2team/setup/index.php/install/start","invalidateInfo":{"tags":["EAV_ATTRIBUTE_19","EAV_ATTRIBUTE"],"mode":"matchingAnyTag"},"is_exception":false} []
[2016-06-21 15:08:21] main.DEBUG: cache_invalidate:  {"method":"POST","url":"http://localhost:9090/m2team/setup/index.php/install/start","invalidateInfo":{"tags":["EAV","EAV_ATTRIBUTE"],"mode":"matchingAnyTag"},"is_exception":false} []
[2016-06-21 15:08:21] main.DEBUG: cache_invalidate:  {"method":"POST","url":"http://localhost:9090/m2team/setup/index.php/install/start","invalidateInfo":{"tags":["EAV_ATTRIBUTE"],"mode":"matchingAnyTag"},"is_exception":false} []
[2016-06-21 15:08:21] main.DEBUG: cache_invalidate:  {"method":"POST","url":"http://localhost:9090/m2team/setup/index.php/install/start","invalidateInfo":{"tags":["EAV_ATTRIBUTE_20","EAV_ATTRIBUTE"],"mode":"matchingAnyTag"},"is_exception":false} []
[2016-06-21 15:08:21] main.DEBUG: cache_invalidate:  {"method":"POST","url":"http://localhost:9090/m2team/setup/index.php/install/start","invalidateInfo":{"tags":["EAV_ATTRIBUTE_20","EAV_ATTRIBUTE"],"mode":"matchingAnyTag"},"is_exception":false} []
[2016-06-21 15:08:21] main.DEBUG: cache_invalidate:  {"method":"POST","url":"http://localhost:9090/m2team/setup/index.php/install/start","invalidateInfo":{"tags":["EAV","EAV_ATTRIBUTE"],"mode":"matchingAnyTag"},"is_exception":false} []
[2016-06-21 15:08:21] main.DEBUG: cache_invalidate:  {"method":"POST","url":"http://localhost:9090/m2team/setup/index.php/install/start","invalidateInfo":{"tags":["EAV_ATTRIBUTE"],"mode":"matchingAnyTag"},"is_exception":false} []
[2016-06-21 15:08:21] main.DEBUG: cache_invalidate:  {"method":"POST","url":"http://localhost:9090/m2team/setup/index.php/install/start","invalidateInfo":{"tags":["EAV_ATTRIBUTE_27","EAV_ATTRIBUTE"],"mode":"matchingAnyTag"},"is_exception":false} []
[2016-06-21 15:08:21] main.DEBUG: cache_invalidate:  {"method":"POST","url":"http://localhost:9090/m2team/setup/index.php/install/start","invalidateInfo":{"tags":["EAV_ATTRIBUTE_27","EAV_ATTRIBUTE"],"mode":"matchingAnyTag"},"is_exception":false} []
[2016-06-21 15:08:21] main.DEBUG: cache_invalidate:  {"method":"POST","url":"http://localhost:9090/m2team/setup/index.php/install/start","invalidateInfo":{"tags":["EAV","EAV_ATTRIBUTE"],"mode":"matchingAnyTag"},"is_exception":false} []
[2016-06-21 15:08:21] main.DEBUG: cache_invalidate:  {"method":"POST","url":"http://localhost:9090/m2team/setup/index.php/install/start","invalidateInfo":{"tags":["EAV_ATTRIBUTE"],"mode":"matchingAnyTag"},"is_exception":false} []
[2016-06-21 15:08:21] main.DEBUG: cache_invalidate:  {"method":"POST","url":"http://localhost:9090/m2team/setup/index.php/install/start","invalidateInfo":{"tags":["EAV_ATTRIBUTE_28","EAV_ATTRIBUTE"],"mode":"matchingAnyTag"},"is_exception":false} []
[2016-06-21 15:08:21] main.DEBUG: cache_invalidate:  {"method":"POST","url":"http://localhost:9090/m2team/setup/index.php/install/start","invalidateInfo":{"tags":["EAV_ATTRIBUTE_28","EAV_ATTRIBUTE"],"mode":"matchingAnyTag"},"is_exception":false} []
[2016-06-21 15:08:21] main.DEBUG: cache_invalidate:  {"method":"POST","url":"http://localhost:9090/m2team/setup/index.php/install/start","invalidateInfo":{"tags":["EAV","EAV_ATTRIBUTE"],"mode":"matchingAnyTag"},"is_exception":false} []
[2016-06-21 15:08:21] main.DEBUG: cache_invalidate:  {"method":"POST","url":"http://localhost:9090/m2team/setup/index.php/install/start","invalidateInfo":{"tags":["EAV_ATTRIBUTE"],"mode":"matchingAnyTag"},"is_exception":false} []
[2016-06-21 15:08:21] main.DEBUG: cache_invalidate:  {"method":"POST","url":"http://localhost:9090/m2team/setup/index.php/install/start","invalidateInfo":{"tags":["EAV_ATTRIBUTE_29","EAV_ATTRIBUTE"],"mode":"matchingAnyTag"},"is_exception":false} []
[2016-06-21 15:08:21] main.DEBUG: cache_invalidate:  {"method":"POST","url":"http://localhost:9090/m2team/setup/index.php/install/start","invalidateInfo":{"tags":["EAV_ATTRIBUTE_29","EAV_ATTRIBUTE"],"mode":"matchingAnyTag"},"is_exception":false} []
[2016-06-21 15:08:22] main.DEBUG: cache_invalidate:  {"method":"POST","url":"http://localhost:9090/m2team/setup/index.php/install/start","invalidateInfo":{"tags":["EAV","EAV_ATTRIBUTE"],"mode":"matchingAnyTag"},"is_exception":false} []
[2016-06-21 15:08:22] main.DEBUG: cache_invalidate:  {"method":"POST","url":"http://localhost:9090/m2team/setup/index.php/install/start","invalidateInfo":{"tags":["EAV_ATTRIBUTE"],"mode":"matchingAnyTag"},"is_exception":false} []
[2016-06-21 15:08:22] main.DEBUG: cache_invalidate:  {"method":"POST","url":"http://localhost:9090/m2team/setup/index.php/install/start","invalidateInfo":{"tags":["EAV_ATTRIBUTE_30","EAV_ATTRIBUTE"],"mode":"matchingAnyTag"},"is_exception":false} []
[2016-06-21 15:08:22] main.DEBUG: cache_invalidate:  {"method":"POST","url":"http://localhost:9090/m2team/setup/index.php/install/start","invalidateInfo":{"tags":["EAV_ATTRIBUTE_30","EAV_ATTRIBUTE"],"mode":"matchingAnyTag"},"is_exception":false} []
[2016-06-21 15:08:22] main.DEBUG: cache_invalidate:  {"method":"POST","url":"http://localhost:9090/m2team/setup/index.php/install/start","invalidateInfo":{"tags":["EAV","EAV_ATTRIBUTE"],"mode":"matchingAnyTag"},"is_exception":false} []
[2016-06-21 15:08:22] main.DEBUG: cache_invalidate:  {"method":"POST","url":"http://localhost:9090/m2team/setup/index.php/install/start","invalidateInfo":{"tags":["EAV_ATTRIBUTE"],"mode":"matchingAnyTag"},"is_exception":false} []
[2016-06-21 15:08:22] main.DEBUG: cache_invalidate:  {"method":"POST","url":"http://localhost:9090/m2team/setup/index.php/install/start","invalidateInfo":{"tags":["EAV_ATTRIBUTE_31","EAV_ATTRIBUTE"],"mode":"matchingAnyTag"},"is_exception":false} []
[2016-06-21 15:08:22] main.DEBUG: cache_invalidate:  {"method":"POST","url":"http://localhost:9090/m2team/setup/index.php/install/start","invalidateInfo":{"tags":["EAV_ATTRIBUTE_31","EAV_ATTRIBUTE"],"mode":"matchingAnyTag"},"is_exception":false} []
[2016-06-21 15:08:22] main.DEBUG: cache_invalidate:  {"method":"POST","url":"http://localhost:9090/m2team/setup/index.php/install/start","invalidateInfo":{"tags":["EAV","EAV_ATTRIBUTE"],"mode":"matchingAnyTag"},"is_exception":false} []
[2016-06-21 15:08:22] main.DEBUG: cache_invalidate:  {"method":"POST","url":"http://localhost:9090/m2team/setup/index.php/install/start","invalidateInfo":{"tags":["EAV_ATTRIBUTE"],"mode":"matchingAnyTag"},"is_exception":false} []
[2016-06-21 15:08:22] main.DEBUG: cache_invalidate:  {"method":"POST","url":"http://localhost:9090/m2team/setup/index.php/install/start","invalidateInfo":{"tags":["EAV_ATTRIBUTE_32","EAV_ATTRIBUTE"],"mode":"matchingAnyTag"},"is_exception":false} []
[2016-06-21 15:08:22] main.DEBUG: cache_invalidate:  {"method":"POST","url":"http://localhost:9090/m2team/setup/index.php/install/start","invalidateInfo":{"tags":["EAV_ATTRIBUTE_32","EAV_ATTRIBUTE"],"mode":"matchingAnyTag"},"is_exception":false} []
[2016-06-21 15:08:22] main.DEBUG: cache_invalidate:  {"method":"POST","url":"http://localhost:9090/m2team/setup/index.php/install/start","invalidateInfo":{"tags":["EAV","EAV_ATTRIBUTE"],"mode":"matchingAnyTag"},"is_exception":false} []
[2016-06-21 15:08:22] main.DEBUG: cache_invalidate:  {"method":"POST","url":"http://localhost:9090/m2team/setup/index.php/install/start","invalidateInfo":{"tags":["EAV_ATTRIBUTE"],"mode":"matchingAnyTag"},"is_exception":false} []
[2016-06-21 15:08:22] main.DEBUG: cache_invalidate:  {"method":"POST","url":"http://localhost:9090/m2team/setup/index.php/install/start","invalidateInfo":{"tags":["EAV_ATTRIBUTE_33","EAV_ATTRIBUTE"],"mode":"matchingAnyTag"},"is_exception":false} []
[2016-06-21 15:08:22] main.DEBUG: cache_invalidate:  {"method":"POST","url":"http://localhost:9090/m2team/setup/index.php/install/start","invalidateInfo":{"tags":["EAV_ATTRIBUTE_33","EAV_ATTRIBUTE"],"mode":"matchingAnyTag"},"is_exception":false} []
[2016-06-21 15:08:22] main.DEBUG: cache_invalidate:  {"method":"POST","url":"http://localhost:9090/m2team/setup/index.php/install/start","invalidateInfo":{"tags":["EAV","EAV_ATTRIBUTE"],"mode":"matchingAnyTag"},"is_exception":false} []
[2016-06-21 15:08:22] main.DEBUG: cache_invalidate:  {"method":"POST","url":"http://localhost:9090/m2team/setup/index.php/install/start","invalidateInfo":{"tags":["EAV_ATTRIBUTE"],"mode":"matchingAnyTag"},"is_exception":false} []
[2016-06-21 15:08:22] main.DEBUG: cache_invalidate:  {"method":"POST","url":"http://localhost:9090/m2team/setup/index.php/install/start","invalidateInfo":{"tags":["EAV_ATTRIBUTE_34","EAV_ATTRIBUTE"],"mode":"matchingAnyTag"},"is_exception":false} []
[2016-06-21 15:08:22] main.DEBUG: cache_invalidate:  {"method":"POST","url":"http://localhost:9090/m2team/setup/index.php/install/start","invalidateInfo":{"tags":["EAV_ATTRIBUTE_34","EAV_ATTRIBUTE"],"mode":"matchingAnyTag"},"is_exception":false} []
[2016-06-21 15:08:22] main.DEBUG: cache_invalidate:  {"method":"POST","url":"http://localhost:9090/m2team/setup/index.php/install/start","invalidateInfo":{"tags":["EAV","EAV_ATTRIBUTE"],"mode":"matchingAnyTag"},"is_exception":false} []
[2016-06-21 15:08:22] main.DEBUG: cache_invalidate:  {"method":"POST","url":"http://localhost:9090/m2team/setup/index.php/install/start","invalidateInfo":{"tags":["EAV_ATTRIBUTE"],"mode":"matchingAnyTag"},"is_exception":false} []
[2016-06-21 15:08:22] main.DEBUG: cache_invalidate:  {"method":"POST","url":"http://localhost:9090/m2team/setup/index.php/install/start","invalidateInfo":{"tags":["EAV_ATTRIBUTE_35","EAV_ATTRIBUTE"],"mode":"matchingAnyTag"},"is_exception":false} []
[2016-06-21 15:08:22] main.DEBUG: cache_invalidate:  {"method":"POST","url":"http://localhost:9090/m2team/setup/index.php/install/start","invalidateInfo":{"tags":["EAV_ATTRIBUTE_35","EAV_ATTRIBUTE"],"mode":"matchingAnyTag"},"is_exception":false} []
[2016-06-21 15:08:23] main.DEBUG: cache_invalidate:  {"method":"POST","url":"http://localhost:9090/m2team/setup/index.php/install/start","invalidateInfo":{"tags":["EAV","EAV_ATTRIBUTE"],"mode":"matchingAnyTag"},"is_exception":false} []
[2016-06-21 15:08:23] main.DEBUG: cache_invalidate:  {"method":"POST","url":"http://localhost:9090/m2team/setup/index.php/install/start","invalidateInfo":{"tags":["EAV_ATTRIBUTE"],"mode":"matchingAnyTag"},"is_exception":false} []
[2016-06-21 15:08:23] main.DEBUG: cache_invalidate:  {"method":"POST","url":"http://localhost:9090/m2team/setup/index.php/install/start","invalidateInfo":{"tags":["EAV_ATTRIBUTE_32","EAV_ATTRIBUTE"],"mode":"matchingAnyTag"},"is_exception":false} []
[2016-06-21 15:08:23] main.DEBUG: cache_invalidate:  {"method":"POST","url":"http://localhost:9090/m2team/setup/index.php/install/start","invalidateInfo":{"tags":["EAV_ATTRIBUTE_32","EAV_ATTRIBUTE"],"mode":"matchingAnyTag"},"is_exception":false} []
[2016-06-21 15:08:23] main.DEBUG: cache_invalidate:  {"method":"POST","url":"http://localhost:9090/m2team/setup/index.php/install/start","invalidateInfo":{"tags":["EAV","EAV_ATTRIBUTE"],"mode":"matchingAnyTag"},"is_exception":false} []
[2016-06-21 15:08:23] main.DEBUG: cache_invalidate:  {"method":"POST","url":"http://localhost:9090/m2team/setup/index.php/install/start","invalidateInfo":{"tags":["EAV_ATTRIBUTE"],"mode":"matchingAnyTag"},"is_exception":false} []
[2016-06-21 15:08:23] main.DEBUG: cache_invalidate:  {"method":"POST","url":"http://localhost:9090/m2team/setup/index.php/install/start","invalidateInfo":{"tags":["EAV_ATTRIBUTE_23","EAV_ATTRIBUTE"],"mode":"matchingAnyTag"},"is_exception":false} []
[2016-06-21 15:08:23] main.DEBUG: cache_invalidate:  {"method":"POST","url":"http://localhost:9090/m2team/setup/index.php/install/start","invalidateInfo":{"tags":["EAV_ATTRIBUTE_23","EAV_ATTRIBUTE"],"mode":"matchingAnyTag"},"is_exception":false} []
[2016-06-21 15:08:23] main.DEBUG: cache_invalidate:  {"method":"POST","url":"http://localhost:9090/m2team/setup/index.php/install/start","invalidateInfo":{"tags":["EAV","EAV_ATTRIBUTE"],"mode":"matchingAnyTag"},"is_exception":false} []
[2016-06-21 15:08:23] main.DEBUG: cache_invalidate:  {"method":"POST","url":"http://localhost:9090/m2team/setup/index.php/install/start","invalidateInfo":{"tags":["EAV_ATTRIBUTE"],"mode":"matchingAnyTag"},"is_exception":false} []
[2016-06-21 15:08:23] main.DEBUG: cache_invalidate:  {"method":"POST","url":"http://localhost:9090/m2team/setup/index.php/install/start","invalidateInfo":{"tags":["EAV_ATTRIBUTE_25","EAV_ATTRIBUTE"],"mode":"matchingAnyTag"},"is_exception":false} []
[2016-06-21 15:08:23] main.DEBUG: cache_invalidate:  {"method":"POST","url":"http://localhost:9090/m2team/setup/index.php/install/start","invalidateInfo":{"tags":["EAV_ATTRIBUTE_25","EAV_ATTRIBUTE"],"mode":"matchingAnyTag"},"is_exception":false} []
[2016-06-21 15:08:24] main.DEBUG: cache_invalidate:  {"method":"POST","url":"http://localhost:9090/m2team/setup/index.php/install/start","invalidateInfo":{"tags":["EAV","EAV_ATTRIBUTE"],"mode":"matchingAnyTag"},"is_exception":false} []
[2016-06-21 15:08:24] main.DEBUG: cache_invalidate:  {"method":"POST","url":"http://localhost:9090/m2team/setup/index.php/install/start","invalidateInfo":{"tags":["EAV_ATTRIBUTE"],"mode":"matchingAnyTag"},"is_exception":false} []
[2016-06-21 15:08:24] main.DEBUG: cache_invalidate:  {"method":"POST","url":"http://localhost:9090/m2team/setup/index.php/install/start","invalidateInfo":{"tags":["EAV_ATTRIBUTE_35","EAV_ATTRIBUTE"],"mode":"matchingAnyTag"},"is_exception":false} []
[2016-06-21 15:08:24] main.DEBUG: cache_invalidate:  {"method":"POST","url":"http://localhost:9090/m2team/setup/index.php/install/start","invalidateInfo":{"tags":["EAV_ATTRIBUTE_35","EAV_ATTRIBUTE"],"mode":"matchingAnyTag"},"is_exception":false} []
[2016-06-21 15:08:29] main.DEBUG: cache_invalidate:  {"method":"POST","url":"http://localhost:9090/m2team/setup/index.php/install/start","invalidateInfo":{"identifier":"DB_PDO_MYSQL_DDL_customer_grid_flat_1"},"is_exception":false} []
[2016-06-21 15:08:29] main.DEBUG: cache_invalidate:  {"method":"POST","url":"http://localhost:9090/m2team/setup/index.php/install/start","invalidateInfo":{"identifier":"DB_PDO_MYSQL_DDL_customer_grid_flat_2"},"is_exception":false} []
[2016-06-21 15:08:29] main.DEBUG: cache_invalidate:  {"method":"POST","url":"http://localhost:9090/m2team/setup/index.php/install/start","invalidateInfo":{"identifier":"DB_PDO_MYSQL_DDL_customer_grid_flat_3"},"is_exception":false} []
[2016-06-21 15:08:29] main.DEBUG: cache_invalidate:  {"method":"POST","url":"http://localhost:9090/m2team/setup/index.php/install/start","invalidateInfo":{"identifier":"DB_PDO_MYSQL_DDL_customer_grid_flat_4"},"is_exception":false} []
[2016-06-21 15:08:29] main.DEBUG: cache_invalidate:  {"method":"POST","url":"http://localhost:9090/m2team/setup/index.php/install/start","invalidateInfo":{"tags":["EAV","EAV_ATTRIBUTE"],"mode":"matchingAnyTag"},"is_exception":false} []
[2016-06-21 15:08:31] main.DEBUG: cache_invalidate:  {"method":"POST","url":"http://localhost:9090/m2team/setup/index.php/install/start","invalidateInfo":{"tags":["cms_page"],"mode":"matchingAnyTag"},"is_exception":false} []
[2016-06-21 15:08:31] main.DEBUG: cache_invalidate:  {"method":"POST","url":"http://localhost:9090/m2team/setup/index.php/install/start","invalidateInfo":{"tags":["cms_page_1","cms_page"],"mode":"matchingAnyTag"},"is_exception":false} []
[2016-06-21 15:08:31] main.DEBUG: cache_invalidate:  {"method":"POST","url":"http://localhost:9090/m2team/setup/index.php/install/start","invalidateInfo":{"tags":["cms_page_1","cms_page"],"mode":"matchingAnyTag"},"is_exception":false} []
[2016-06-21 15:08:31] main.DEBUG: cache_invalidate:  {"method":"POST","url":"http://localhost:9090/m2team/setup/index.php/install/start","invalidateInfo":{"tags":["cms_page"],"mode":"matchingAnyTag"},"is_exception":false} []
[2016-06-21 15:08:31] main.DEBUG: cache_invalidate:  {"method":"POST","url":"http://localhost:9090/m2team/setup/index.php/install/start","invalidateInfo":{"tags":["cms_page_2","cms_page"],"mode":"matchingAnyTag"},"is_exception":false} []
[2016-06-21 15:08:31] main.DEBUG: cache_invalidate:  {"method":"POST","url":"http://localhost:9090/m2team/setup/index.php/install/start","invalidateInfo":{"tags":["cms_page_2","cms_page"],"mode":"matchingAnyTag"},"is_exception":false} []
[2016-06-21 15:08:31] main.DEBUG: cache_invalidate:  {"method":"POST","url":"http://localhost:9090/m2team/setup/index.php/install/start","invalidateInfo":{"tags":["cms_page"],"mode":"matchingAnyTag"},"is_exception":false} []
[2016-06-21 15:08:31] main.DEBUG: cache_invalidate:  {"method":"POST","url":"http://localhost:9090/m2team/setup/index.php/install/start","invalidateInfo":{"tags":["cms_page_3","cms_page"],"mode":"matchingAnyTag"},"is_exception":false} []
[2016-06-21 15:08:32] main.DEBUG: cache_invalidate:  {"method":"POST","url":"http://localhost:9090/m2team/setup/index.php/install/start","invalidateInfo":{"tags":["cms_page_3","cms_page"],"mode":"matchingAnyTag"},"is_exception":false} []
[2016-06-21 15:08:32] main.DEBUG: cache_invalidate:  {"method":"POST","url":"http://localhost:9090/m2team/setup/index.php/install/start","invalidateInfo":{"tags":["cms_page"],"mode":"matchingAnyTag"},"is_exception":false} []
[2016-06-21 15:08:32] main.DEBUG: cache_invalidate:  {"method":"POST","url":"http://localhost:9090/m2team/setup/index.php/install/start","invalidateInfo":{"tags":["cms_page_4","cms_page"],"mode":"matchingAnyTag"},"is_exception":false} []
[2016-06-21 15:08:32] main.DEBUG: cache_invalidate:  {"method":"POST","url":"http://localhost:9090/m2team/setup/index.php/install/start","invalidateInfo":{"tags":["cms_page_4","cms_page"],"mode":"matchingAnyTag"},"is_exception":false} []
[2016-06-21 15:08:32] main.DEBUG: cache_invalidate:  {"method":"POST","url":"http://localhost:9090/m2team/setup/index.php/install/start","invalidateInfo":{"tags":["EAV"],"mode":"matchingAnyTag"},"is_exception":false} []
[2016-06-21 15:08:48] main.DEBUG: cache_invalidate:  {"method":"POST","url":"http://localhost:9090/m2team/setup/index.php/install/start","invalidateInfo":{"tags":["catalog_category"],"mode":"matchingAnyTag"},"is_exception":false} []
[2016-06-21 15:08:48] main.DEBUG: cache_invalidate:  {"method":"POST","url":"http://localhost:9090/m2team/setup/index.php/install/start","invalidateInfo":{"tags":["catalog_category_1","catalog_category_product_1","catalog_category","catalog_category_product"],"mode":"matchingAnyTag"},"is_exception":false} []
[2016-06-21 15:08:50] main.DEBUG: cache_invalidate:  {"method":"POST","url":"http://localhost:9090/m2team/setup/index.php/install/start","invalidateInfo":{"tags":["catalog_category_1","catalog_category_product_1","catalog_category","catalog_category_product"],"mode":"matchingAnyTag"},"is_exception":false} []
[2016-06-21 15:08:50] main.DEBUG: cache_invalidate:  {"method":"POST","url":"http://localhost:9090/m2team/setup/index.php/install/start","invalidateInfo":{"tags":["catalog_category"],"mode":"matchingAnyTag"},"is_exception":false} []
[2016-06-21 15:08:50] main.DEBUG: cache_invalidate:  {"method":"POST","url":"http://localhost:9090/m2team/setup/index.php/install/start","invalidateInfo":{"tags":["catalog_category_2","catalog_category_product_2","catalog_category","catalog_category_product"],"mode":"matchingAnyTag"},"is_exception":false} []
[2016-06-21 15:08:50] main.DEBUG: cache_invalidate:  {"method":"POST","url":"http://localhost:9090/m2team/setup/index.php/install/start","invalidateInfo":{"tags":["catalog_category_2","catalog_category_product_2","catalog_category","catalog_category_product"],"mode":"matchingAnyTag"},"is_exception":false} []
[2016-06-21 15:08:57] main.DEBUG: cache_invalidate:  {"method":"POST","url":"http://localhost:9090/m2team/setup/index.php/install/start","invalidateInfo":{"identifier":"DB_PDO_MYSQL_DDL_quote_address_1"},"is_exception":false} []
[2016-06-21 15:08:57] main.DEBUG: cache_invalidate:  {"method":"POST","url":"http://localhost:9090/m2team/setup/index.php/install/start","invalidateInfo":{"identifier":"DB_PDO_MYSQL_DDL_quote_address_2"},"is_exception":false} []
[2016-06-21 15:08:57] main.DEBUG: cache_invalidate:  {"method":"POST","url":"http://localhost:9090/m2team/setup/index.php/install/start","invalidateInfo":{"identifier":"DB_PDO_MYSQL_DDL_quote_address_3"},"is_exception":false} []
[2016-06-21 15:08:57] main.DEBUG: cache_invalidate:  {"method":"POST","url":"http://localhost:9090/m2team/setup/index.php/install/start","invalidateInfo":{"identifier":"DB_PDO_MYSQL_DDL_quote_address_4"},"is_exception":false} []
[2016-06-21 15:08:58] main.DEBUG: cache_invalidate:  {"method":"POST","url":"http://localhost:9090/m2team/setup/index.php/install/start","invalidateInfo":{"identifier":"DB_PDO_MYSQL_DDL_quote_address_1"},"is_exception":false} []
[2016-06-21 15:08:58] main.DEBUG: cache_invalidate:  {"method":"POST","url":"http://localhost:9090/m2team/setup/index.php/install/start","invalidateInfo":{"identifier":"DB_PDO_MYSQL_DDL_quote_address_2"},"is_exception":false} []
[2016-06-21 15:08:58] main.DEBUG: cache_invalidate:  {"method":"POST","url":"http://localhost:9090/m2team/setup/index.php/install/start","invalidateInfo":{"identifier":"DB_PDO_MYSQL_DDL_quote_address_3"},"is_exception":false} []
[2016-06-21 15:08:58] main.DEBUG: cache_invalidate:  {"method":"POST","url":"http://localhost:9090/m2team/setup/index.php/install/start","invalidateInfo":{"identifier":"DB_PDO_MYSQL_DDL_quote_address_4"},"is_exception":false} []
[2016-06-21 15:08:59] main.DEBUG: cache_invalidate:  {"method":"POST","url":"http://localhost:9090/m2team/setup/index.php/install/start","invalidateInfo":{"identifier":"DB_PDO_MYSQL_DDL_quote_address_1"},"is_exception":false} []
[2016-06-21 15:08:59] main.DEBUG: cache_invalidate:  {"method":"POST","url":"http://localhost:9090/m2team/setup/index.php/install/start","invalidateInfo":{"identifier":"DB_PDO_MYSQL_DDL_quote_address_2"},"is_exception":false} []
[2016-06-21 15:08:59] main.DEBUG: cache_invalidate:  {"method":"POST","url":"http://localhost:9090/m2team/setup/index.php/install/start","invalidateInfo":{"identifier":"DB_PDO_MYSQL_DDL_quote_address_3"},"is_exception":false} []
[2016-06-21 15:08:59] main.DEBUG: cache_invalidate:  {"method":"POST","url":"http://localhost:9090/m2team/setup/index.php/install/start","invalidateInfo":{"identifier":"DB_PDO_MYSQL_DDL_quote_address_4"},"is_exception":false} []
[2016-06-21 15:09:00] main.DEBUG: cache_invalidate:  {"method":"POST","url":"http://localhost:9090/m2team/setup/index.php/install/start","invalidateInfo":{"identifier":"DB_PDO_MYSQL_DDL_quote_address_1"},"is_exception":false} []
[2016-06-21 15:09:00] main.DEBUG: cache_invalidate:  {"method":"POST","url":"http://localhost:9090/m2team/setup/index.php/install/start","invalidateInfo":{"identifier":"DB_PDO_MYSQL_DDL_quote_address_2"},"is_exception":false} []
[2016-06-21 15:09:00] main.DEBUG: cache_invalidate:  {"method":"POST","url":"http://localhost:9090/m2team/setup/index.php/install/start","invalidateInfo":{"identifier":"DB_PDO_MYSQL_DDL_quote_address_3"},"is_exception":false} []
[2016-06-21 15:09:00] main.DEBUG: cache_invalidate:  {"method":"POST","url":"http://localhost:9090/m2team/setup/index.php/install/start","invalidateInfo":{"identifier":"DB_PDO_MYSQL_DDL_quote_address_4"},"is_exception":false} []
[2016-06-21 15:09:00] main.DEBUG: cache_invalidate:  {"method":"POST","url":"http://localhost:9090/m2team/setup/index.php/install/start","invalidateInfo":{"identifier":"DB_PDO_MYSQL_DDL_quote_address_1"},"is_exception":false} []
[2016-06-21 15:09:00] main.DEBUG: cache_invalidate:  {"method":"POST","url":"http://localhost:9090/m2team/setup/index.php/install/start","invalidateInfo":{"identifier":"DB_PDO_MYSQL_DDL_quote_address_2"},"is_exception":false} []
[2016-06-21 15:09:00] main.DEBUG: cache_invalidate:  {"method":"POST","url":"http://localhost:9090/m2team/setup/index.php/install/start","invalidateInfo":{"identifier":"DB_PDO_MYSQL_DDL_quote_address_3"},"is_exception":false} []
[2016-06-21 15:09:00] main.DEBUG: cache_invalidate:  {"method":"POST","url":"http://localhost:9090/m2team/setup/index.php/install/start","invalidateInfo":{"identifier":"DB_PDO_MYSQL_DDL_quote_address_4"},"is_exception":false} []
[2016-06-21 15:09:15] main.DEBUG: cache_invalidate:  {"method":"POST","url":"http://localhost:9090/m2team/setup/index.php/install/start","invalidateInfo":{"tags":["BACKEND_MAINMENU"],"mode":"matchingTag"},"is_exception":false} []
[2016-06-21 15:09:18] main.DEBUG: cache_invalidate:  {"method":"POST","url":"http://localhost:9090/m2team/setup/index.php/install/start","invalidateInfo":{"tags":["EAV"],"mode":"matchingAnyTag"},"is_exception":false} []
[2016-06-21 15:09:22] main.DEBUG: cache_invalidate:  {"method":"POST","url":"http://localhost:9090/m2team/setup/index.php/install/start","invalidateInfo":{"identifier":"DB_PDO_MYSQL_DDL_sales_order_address_1"},"is_exception":false} []
[2016-06-21 15:09:22] main.DEBUG: cache_invalidate:  {"method":"POST","url":"http://localhost:9090/m2team/setup/index.php/install/start","invalidateInfo":{"identifier":"DB_PDO_MYSQL_DDL_sales_order_address_2"},"is_exception":false} []
[2016-06-21 15:09:22] main.DEBUG: cache_invalidate:  {"method":"POST","url":"http://localhost:9090/m2team/setup/index.php/install/start","invalidateInfo":{"identifier":"DB_PDO_MYSQL_DDL_sales_order_address_3"},"is_exception":false} []
[2016-06-21 15:09:22] main.DEBUG: cache_invalidate:  {"method":"POST","url":"http://localhost:9090/m2team/setup/index.php/install/start","invalidateInfo":{"identifier":"DB_PDO_MYSQL_DDL_sales_order_address_4"},"is_exception":false} []
[2016-06-21 15:09:23] main.DEBUG: cache_invalidate:  {"method":"POST","url":"http://localhost:9090/m2team/setup/index.php/install/start","invalidateInfo":{"identifier":"DB_PDO_MYSQL_DDL_sales_order_address_1"},"is_exception":false} []
[2016-06-21 15:09:23] main.DEBUG: cache_invalidate:  {"method":"POST","url":"http://localhost:9090/m2team/setup/index.php/install/start","invalidateInfo":{"identifier":"DB_PDO_MYSQL_DDL_sales_order_address_2"},"is_exception":false} []
[2016-06-21 15:09:23] main.DEBUG: cache_invalidate:  {"method":"POST","url":"http://localhost:9090/m2team/setup/index.php/install/start","invalidateInfo":{"identifier":"DB_PDO_MYSQL_DDL_sales_order_address_3"},"is_exception":false} []
[2016-06-21 15:09:23] main.DEBUG: cache_invalidate:  {"method":"POST","url":"http://localhost:9090/m2team/setup/index.php/install/start","invalidateInfo":{"identifier":"DB_PDO_MYSQL_DDL_sales_order_address_4"},"is_exception":false} []
[2016-06-21 15:09:24] main.DEBUG: cache_invalidate:  {"method":"POST","url":"http://localhost:9090/m2team/setup/index.php/install/start","invalidateInfo":{"identifier":"DB_PDO_MYSQL_DDL_sales_order_address_1"},"is_exception":false} []
[2016-06-21 15:09:24] main.DEBUG: cache_invalidate:  {"method":"POST","url":"http://localhost:9090/m2team/setup/index.php/install/start","invalidateInfo":{"identifier":"DB_PDO_MYSQL_DDL_sales_order_address_2"},"is_exception":false} []
[2016-06-21 15:09:24] main.DEBUG: cache_invalidate:  {"method":"POST","url":"http://localhost:9090/m2team/setup/index.php/install/start","invalidateInfo":{"identifier":"DB_PDO_MYSQL_DDL_sales_order_address_3"},"is_exception":false} []
[2016-06-21 15:09:24] main.DEBUG: cache_invalidate:  {"method":"POST","url":"http://localhost:9090/m2team/setup/index.php/install/start","invalidateInfo":{"identifier":"DB_PDO_MYSQL_DDL_sales_order_address_4"},"is_exception":false} []
[2016-06-21 15:09:25] main.DEBUG: cache_invalidate:  {"method":"POST","url":"http://localhost:9090/m2team/setup/index.php/install/start","invalidateInfo":{"identifier":"DB_PDO_MYSQL_DDL_sales_order_address_1"},"is_exception":false} []
[2016-06-21 15:09:25] main.DEBUG: cache_invalidate:  {"method":"POST","url":"http://localhost:9090/m2team/setup/index.php/install/start","invalidateInfo":{"identifier":"DB_PDO_MYSQL_DDL_sales_order_address_2"},"is_exception":false} []
[2016-06-21 15:09:25] main.DEBUG: cache_invalidate:  {"method":"POST","url":"http://localhost:9090/m2team/setup/index.php/install/start","invalidateInfo":{"identifier":"DB_PDO_MYSQL_DDL_sales_order_address_3"},"is_exception":false} []
[2016-06-21 15:09:25] main.DEBUG: cache_invalidate:  {"method":"POST","url":"http://localhost:9090/m2team/setup/index.php/install/start","invalidateInfo":{"identifier":"DB_PDO_MYSQL_DDL_sales_order_address_4"},"is_exception":false} []
[2016-06-21 15:09:25] main.DEBUG: cache_invalidate:  {"method":"POST","url":"http://localhost:9090/m2team/setup/index.php/install/start","invalidateInfo":{"identifier":"DB_PDO_MYSQL_DDL_sales_order_address_1"},"is_exception":false} []
[2016-06-21 15:09:25] main.DEBUG: cache_invalidate:  {"method":"POST","url":"http://localhost:9090/m2team/setup/index.php/install/start","invalidateInfo":{"identifier":"DB_PDO_MYSQL_DDL_sales_order_address_2"},"is_exception":false} []
[2016-06-21 15:09:25] main.DEBUG: cache_invalidate:  {"method":"POST","url":"http://localhost:9090/m2team/setup/index.php/install/start","invalidateInfo":{"identifier":"DB_PDO_MYSQL_DDL_sales_order_address_3"},"is_exception":false} []
[2016-06-21 15:09:25] main.DEBUG: cache_invalidate:  {"method":"POST","url":"http://localhost:9090/m2team/setup/index.php/install/start","invalidateInfo":{"identifier":"DB_PDO_MYSQL_DDL_sales_order_address_4"},"is_exception":false} []
[2016-06-21 15:09:27] main.DEBUG: cache_invalidate:  {"method":"POST","url":"http://localhost:9090/m2team/setup/index.php/install/start","invalidateInfo":{"tags":["EAV","EAV_ATTRIBUTE"],"mode":"matchingAnyTag"},"is_exception":false} []
[2016-06-21 15:09:36] main.DEBUG: cache_invalidate:  {"method":"POST","url":"http://localhost:9090/m2team/setup/index.php/install/start","invalidateInfo":{"identifier":"DB_PDO_MYSQL_DDL_quote_payment_1"},"is_exception":false} []
[2016-06-21 15:09:36] main.DEBUG: cache_invalidate:  {"method":"POST","url":"http://localhost:9090/m2team/setup/index.php/install/start","invalidateInfo":{"identifier":"DB_PDO_MYSQL_DDL_quote_payment_2"},"is_exception":false} []
[2016-06-21 15:09:36] main.DEBUG: cache_invalidate:  {"method":"POST","url":"http://localhost:9090/m2team/setup/index.php/install/start","invalidateInfo":{"identifier":"DB_PDO_MYSQL_DDL_quote_payment_3"},"is_exception":false} []
[2016-06-21 15:09:36] main.DEBUG: cache_invalidate:  {"method":"POST","url":"http://localhost:9090/m2team/setup/index.php/install/start","invalidateInfo":{"identifier":"DB_PDO_MYSQL_DDL_quote_payment_4"},"is_exception":false} []
[2016-06-21 15:09:37] main.DEBUG: cache_invalidate:  {"method":"POST","url":"http://localhost:9090/m2team/setup/index.php/install/start","invalidateInfo":{"identifier":"DB_PDO_MYSQL_DDL_quote_payment_1"},"is_exception":false} []
[2016-06-21 15:09:37] main.DEBUG: cache_invalidate:  {"method":"POST","url":"http://localhost:9090/m2team/setup/index.php/install/start","invalidateInfo":{"identifier":"DB_PDO_MYSQL_DDL_quote_payment_2"},"is_exception":false} []
[2016-06-21 15:09:37] main.DEBUG: cache_invalidate:  {"method":"POST","url":"http://localhost:9090/m2team/setup/index.php/install/start","invalidateInfo":{"identifier":"DB_PDO_MYSQL_DDL_quote_payment_3"},"is_exception":false} []
[2016-06-21 15:09:37] main.DEBUG: cache_invalidate:  {"method":"POST","url":"http://localhost:9090/m2team/setup/index.php/install/start","invalidateInfo":{"identifier":"DB_PDO_MYSQL_DDL_quote_payment_4"},"is_exception":false} []
[2016-06-21 15:09:37] main.DEBUG: cache_invalidate:  {"method":"POST","url":"http://localhost:9090/m2team/setup/index.php/install/start","invalidateInfo":{"identifier":"DB_PDO_MYSQL_DDL_quote_payment_1"},"is_exception":false} []
[2016-06-21 15:09:37] main.DEBUG: cache_invalidate:  {"method":"POST","url":"http://localhost:9090/m2team/setup/index.php/install/start","invalidateInfo":{"identifier":"DB_PDO_MYSQL_DDL_quote_payment_2"},"is_exception":false} []
[2016-06-21 15:09:37] main.DEBUG: cache_invalidate:  {"method":"POST","url":"http://localhost:9090/m2team/setup/index.php/install/start","invalidateInfo":{"identifier":"DB_PDO_MYSQL_DDL_quote_payment_3"},"is_exception":false} []
[2016-06-21 15:09:37] main.DEBUG: cache_invalidate:  {"method":"POST","url":"http://localhost:9090/m2team/setup/index.php/install/start","invalidateInfo":{"identifier":"DB_PDO_MYSQL_DDL_quote_payment_4"},"is_exception":false} []
[2016-06-21 15:09:39] main.DEBUG: cache_invalidate:  {"method":"POST","url":"http://localhost:9090/m2team/setup/index.php/install/start","invalidateInfo":{"identifier":"DB_PDO_MYSQL_DDL_sales_order_1"},"is_exception":false} []
[2016-06-21 15:09:39] main.DEBUG: cache_invalidate:  {"method":"POST","url":"http://localhost:9090/m2team/setup/index.php/install/start","invalidateInfo":{"identifier":"DB_PDO_MYSQL_DDL_sales_order_2"},"is_exception":false} []
[2016-06-21 15:09:39] main.DEBUG: cache_invalidate:  {"method":"POST","url":"http://localhost:9090/m2team/setup/index.php/install/start","invalidateInfo":{"identifier":"DB_PDO_MYSQL_DDL_sales_order_3"},"is_exception":false} []
[2016-06-21 15:09:39] main.DEBUG: cache_invalidate:  {"method":"POST","url":"http://localhost:9090/m2team/setup/index.php/install/start","invalidateInfo":{"identifier":"DB_PDO_MYSQL_DDL_sales_order_4"},"is_exception":false} []
[2016-06-21 15:09:41] main.DEBUG: cache_invalidate:  {"method":"POST","url":"http://localhost:9090/m2team/setup/index.php/install/start","invalidateInfo":{"tags":["cms_page"],"mode":"matchingAnyTag"},"is_exception":false} []
[2016-06-21 15:09:41] main.DEBUG: cache_invalidate:  {"method":"POST","url":"http://localhost:9090/m2team/setup/index.php/install/start","invalidateInfo":{"tags":["cms_page_2","cms_page"],"mode":"matchingAnyTag"},"is_exception":false} []
[2016-06-21 15:09:41] main.DEBUG: cache_invalidate:  {"method":"POST","url":"http://localhost:9090/m2team/setup/index.php/install/start","invalidateInfo":{"tags":["cms_page_2","cms_page"],"mode":"matchingAnyTag"},"is_exception":false} []
[2016-06-21 15:09:48] main.DEBUG: cache_invalidate:  {"method":"POST","url":"http://localhost:9090/m2team/setup/index.php/install/start","invalidateInfo":{"tags":["EAV","EAV_ATTRIBUTE"],"mode":"matchingAnyTag"},"is_exception":false} []
[2016-06-21 15:09:48] main.DEBUG: cache_invalidate:  {"method":"POST","url":"http://localhost:9090/m2team/setup/index.php/install/start","invalidateInfo":{"tags":["EAV_ATTRIBUTE"],"mode":"matchingAnyTag"},"is_exception":false} []
[2016-06-21 15:09:48] main.DEBUG: cache_invalidate:  {"method":"POST","url":"http://localhost:9090/m2team/setup/index.php/install/start","invalidateInfo":{"tags":["EAV_ATTRIBUTE_71","EAV_ATTRIBUTE"],"mode":"matchingAnyTag"},"is_exception":false} []
[2016-06-21 15:09:48] main.DEBUG: cache_invalidate:  {"method":"POST","url":"http://localhost:9090/m2team/setup/index.php/install/start","invalidateInfo":{"tags":["EAV_ATTRIBUTE_71","EAV_ATTRIBUTE"],"mode":"matchingAnyTag"},"is_exception":false} []
[2016-06-21 15:09:49] main.DEBUG: cache_invalidate:  {"method":"POST","url":"http://localhost:9090/m2team/setup/index.php/install/start","invalidateInfo":{"tags":["EAV","EAV_ATTRIBUTE"],"mode":"matchingAnyTag"},"is_exception":false} []
[2016-06-21 15:09:49] main.DEBUG: cache_invalidate:  {"method":"POST","url":"http://localhost:9090/m2team/setup/index.php/install/start","invalidateInfo":{"tags":["EAV_ATTRIBUTE"],"mode":"matchingAnyTag"},"is_exception":false} []
[2016-06-21 15:09:49] main.DEBUG: cache_invalidate:  {"method":"POST","url":"http://localhost:9090/m2team/setup/index.php/install/start","invalidateInfo":{"tags":["EAV_ATTRIBUTE_70","EAV_ATTRIBUTE"],"mode":"matchingAnyTag"},"is_exception":false} []
[2016-06-21 15:09:49] main.DEBUG: cache_invalidate:  {"method":"POST","url":"http://localhost:9090/m2team/setup/index.php/install/start","invalidateInfo":{"tags":["EAV_ATTRIBUTE_70","EAV_ATTRIBUTE"],"mode":"matchingAnyTag"},"is_exception":false} []
[2016-06-21 15:09:54] main.DEBUG: cache_invalidate:  {"method":"POST","url":"http://localhost:9090/m2team/setup/index.php/install/start","invalidateInfo":{"identifier":"DB_PDO_MYSQL_DDL_catalogsearch_fulltext_scope1_1"},"is_exception":false} []
[2016-06-21 15:09:54] main.DEBUG: cache_invalidate:  {"method":"POST","url":"http://localhost:9090/m2team/setup/index.php/install/start","invalidateInfo":{"identifier":"DB_PDO_MYSQL_DDL_catalogsearch_fulltext_scope1_2"},"is_exception":false} []
[2016-06-21 15:09:54] main.DEBUG: cache_invalidate:  {"method":"POST","url":"http://localhost:9090/m2team/setup/index.php/install/start","invalidateInfo":{"identifier":"DB_PDO_MYSQL_DDL_catalogsearch_fulltext_scope1_3"},"is_exception":false} []
[2016-06-21 15:09:54] main.DEBUG: cache_invalidate:  {"method":"POST","url":"http://localhost:9090/m2team/setup/index.php/install/start","invalidateInfo":{"identifier":"DB_PDO_MYSQL_DDL_catalogsearch_fulltext_scope1_4"},"is_exception":false} []
[2016-06-21 15:09:54] main.DEBUG: cache_invalidate:  {"method":"POST","url":"http://localhost:9090/m2team/setup/index.php/install/start","invalidateInfo":{"identifier":"request_declaration"},"is_exception":false} []
[2016-06-21 15:09:57] main.DEBUG: cache_invalidate:  {"method":"POST","url":"http://localhost:9090/m2team/setup/index.php/install/start","invalidateInfo":{"identifier":"DB_PDO_MYSQL_DDL_quote_1"},"is_exception":false} []
[2016-06-21 15:09:57] main.DEBUG: cache_invalidate:  {"method":"POST","url":"http://localhost:9090/m2team/setup/index.php/install/start","invalidateInfo":{"identifier":"DB_PDO_MYSQL_DDL_quote_2"},"is_exception":false} []
[2016-06-21 15:09:57] main.DEBUG: cache_invalidate:  {"method":"POST","url":"http://localhost:9090/m2team/setup/index.php/install/start","invalidateInfo":{"identifier":"DB_PDO_MYSQL_DDL_quote_3"},"is_exception":false} []
[2016-06-21 15:09:57] main.DEBUG: cache_invalidate:  {"method":"POST","url":"http://localhost:9090/m2team/setup/index.php/install/start","invalidateInfo":{"identifier":"DB_PDO_MYSQL_DDL_quote_4"},"is_exception":false} []
[2016-06-21 15:09:58] main.DEBUG: cache_invalidate:  {"method":"POST","url":"http://localhost:9090/m2team/setup/index.php/install/start","invalidateInfo":{"identifier":"DB_PDO_MYSQL_DDL_quote_address_1"},"is_exception":false} []
[2016-06-21 15:09:58] main.DEBUG: cache_invalidate:  {"method":"POST","url":"http://localhost:9090/m2team/setup/index.php/install/start","invalidateInfo":{"identifier":"DB_PDO_MYSQL_DDL_quote_address_2"},"is_exception":false} []
[2016-06-21 15:09:58] main.DEBUG: cache_invalidate:  {"method":"POST","url":"http://localhost:9090/m2team/setup/index.php/install/start","invalidateInfo":{"identifier":"DB_PDO_MYSQL_DDL_quote_address_3"},"is_exception":false} []
[2016-06-21 15:09:58] main.DEBUG: cache_invalidate:  {"method":"POST","url":"http://localhost:9090/m2team/setup/index.php/install/start","invalidateInfo":{"identifier":"DB_PDO_MYSQL_DDL_quote_address_4"},"is_exception":false} []
[2016-06-21 15:09:59] main.DEBUG: cache_invalidate:  {"method":"POST","url":"http://localhost:9090/m2team/setup/index.php/install/start","invalidateInfo":{"identifier":"DB_PDO_MYSQL_DDL_quote_item_1"},"is_exception":false} []
[2016-06-21 15:09:59] main.DEBUG: cache_invalidate:  {"method":"POST","url":"http://localhost:9090/m2team/setup/index.php/install/start","invalidateInfo":{"identifier":"DB_PDO_MYSQL_DDL_quote_item_2"},"is_exception":false} []
[2016-06-21 15:09:59] main.DEBUG: cache_invalidate:  {"method":"POST","url":"http://localhost:9090/m2team/setup/index.php/install/start","invalidateInfo":{"identifier":"DB_PDO_MYSQL_DDL_quote_item_3"},"is_exception":false} []
[2016-06-21 15:09:59] main.DEBUG: cache_invalidate:  {"method":"POST","url":"http://localhost:9090/m2team/setup/index.php/install/start","invalidateInfo":{"identifier":"DB_PDO_MYSQL_DDL_quote_item_4"},"is_exception":false} []
[2016-06-21 15:10:00] main.DEBUG: cache_invalidate:  {"method":"POST","url":"http://localhost:9090/m2team/setup/index.php/install/start","invalidateInfo":{"identifier":"DB_PDO_MYSQL_DDL_quote_address_item_1"},"is_exception":false} []
[2016-06-21 15:10:00] main.DEBUG: cache_invalidate:  {"method":"POST","url":"http://localhost:9090/m2team/setup/index.php/install/start","invalidateInfo":{"identifier":"DB_PDO_MYSQL_DDL_quote_address_item_2"},"is_exception":false} []
[2016-06-21 15:10:00] main.DEBUG: cache_invalidate:  {"method":"POST","url":"http://localhost:9090/m2team/setup/index.php/install/start","invalidateInfo":{"identifier":"DB_PDO_MYSQL_DDL_quote_address_item_3"},"is_exception":false} []
[2016-06-21 15:10:00] main.DEBUG: cache_invalidate:  {"method":"POST","url":"http://localhost:9090/m2team/setup/index.php/install/start","invalidateInfo":{"identifier":"DB_PDO_MYSQL_DDL_quote_address_item_4"},"is_exception":false} []
[2016-06-21 15:10:01] main.DEBUG: cache_invalidate:  {"method":"POST","url":"http://localhost:9090/m2team/setup/index.php/install/start","invalidateInfo":{"identifier":"DB_PDO_MYSQL_DDL_sales_order_1"},"is_exception":false} []
[2016-06-21 15:10:01] main.DEBUG: cache_invalidate:  {"method":"POST","url":"http://localhost:9090/m2team/setup/index.php/install/start","invalidateInfo":{"identifier":"DB_PDO_MYSQL_DDL_sales_order_2"},"is_exception":false} []
[2016-06-21 15:10:01] main.DEBUG: cache_invalidate:  {"method":"POST","url":"http://localhost:9090/m2team/setup/index.php/install/start","invalidateInfo":{"identifier":"DB_PDO_MYSQL_DDL_sales_order_3"},"is_exception":false} []
[2016-06-21 15:10:01] main.DEBUG: cache_invalidate:  {"method":"POST","url":"http://localhost:9090/m2team/setup/index.php/install/start","invalidateInfo":{"identifier":"DB_PDO_MYSQL_DDL_sales_order_4"},"is_exception":false} []
[2016-06-21 15:10:02] main.DEBUG: cache_invalidate:  {"method":"POST","url":"http://localhost:9090/m2team/setup/index.php/install/start","invalidateInfo":{"identifier":"DB_PDO_MYSQL_DDL_sales_order_item_1"},"is_exception":false} []
[2016-06-21 15:10:02] main.DEBUG: cache_invalidate:  {"method":"POST","url":"http://localhost:9090/m2team/setup/index.php/install/start","invalidateInfo":{"identifier":"DB_PDO_MYSQL_DDL_sales_order_item_2"},"is_exception":false} []
[2016-06-21 15:10:02] main.DEBUG: cache_invalidate:  {"method":"POST","url":"http://localhost:9090/m2team/setup/index.php/install/start","invalidateInfo":{"identifier":"DB_PDO_MYSQL_DDL_sales_order_item_3"},"is_exception":false} []
[2016-06-21 15:10:02] main.DEBUG: cache_invalidate:  {"method":"POST","url":"http://localhost:9090/m2team/setup/index.php/install/start","invalidateInfo":{"identifier":"DB_PDO_MYSQL_DDL_sales_order_item_4"},"is_exception":false} []
[2016-06-21 15:10:02] main.DEBUG: cache_invalidate:  {"method":"POST","url":"http://localhost:9090/m2team/setup/index.php/install/start","invalidateInfo":{"identifier":"DB_PDO_MYSQL_DDL_sales_order_item_1"},"is_exception":false} []
[2016-06-21 15:10:02] main.DEBUG: cache_invalidate:  {"method":"POST","url":"http://localhost:9090/m2team/setup/index.php/install/start","invalidateInfo":{"identifier":"DB_PDO_MYSQL_DDL_sales_order_item_2"},"is_exception":false} []
[2016-06-21 15:10:02] main.DEBUG: cache_invalidate:  {"method":"POST","url":"http://localhost:9090/m2team/setup/index.php/install/start","invalidateInfo":{"identifier":"DB_PDO_MYSQL_DDL_sales_order_item_3"},"is_exception":false} []
[2016-06-21 15:10:02] main.DEBUG: cache_invalidate:  {"method":"POST","url":"http://localhost:9090/m2team/setup/index.php/install/start","invalidateInfo":{"identifier":"DB_PDO_MYSQL_DDL_sales_order_item_4"},"is_exception":false} []
[2016-06-21 15:10:08] main.DEBUG: cache_invalidate:  {"method":"POST","url":"http://localhost:9090/m2team/setup/index.php/install/start","invalidateInfo":{"identifier":"DB_PDO_MYSQL_DDL_quote_item_1"},"is_exception":false} []
[2016-06-21 15:10:08] main.DEBUG: cache_invalidate:  {"method":"POST","url":"http://localhost:9090/m2team/setup/index.php/install/start","invalidateInfo":{"identifier":"DB_PDO_MYSQL_DDL_quote_item_2"},"is_exception":false} []
[2016-06-21 15:10:08] main.DEBUG: cache_invalidate:  {"method":"POST","url":"http://localhost:9090/m2team/setup/index.php/install/start","invalidateInfo":{"identifier":"DB_PDO_MYSQL_DDL_quote_item_3"},"is_exception":false} []
[2016-06-21 15:10:08] main.DEBUG: cache_invalidate:  {"method":"POST","url":"http://localhost:9090/m2team/setup/index.php/install/start","invalidateInfo":{"identifier":"DB_PDO_MYSQL_DDL_quote_item_4"},"is_exception":false} []
[2016-06-21 15:10:09] main.DEBUG: cache_invalidate:  {"method":"POST","url":"http://localhost:9090/m2team/setup/index.php/install/start","invalidateInfo":{"identifier":"DB_PDO_MYSQL_DDL_quote_item_1"},"is_exception":false} []
[2016-06-21 15:10:09] main.DEBUG: cache_invalidate:  {"method":"POST","url":"http://localhost:9090/m2team/setup/index.php/install/start","invalidateInfo":{"identifier":"DB_PDO_MYSQL_DDL_quote_item_2"},"is_exception":false} []
[2016-06-21 15:10:09] main.DEBUG: cache_invalidate:  {"method":"POST","url":"http://localhost:9090/m2team/setup/index.php/install/start","invalidateInfo":{"identifier":"DB_PDO_MYSQL_DDL_quote_item_3"},"is_exception":false} []
[2016-06-21 15:10:09] main.DEBUG: cache_invalidate:  {"method":"POST","url":"http://localhost:9090/m2team/setup/index.php/install/start","invalidateInfo":{"identifier":"DB_PDO_MYSQL_DDL_quote_item_4"},"is_exception":false} []
[2016-06-21 15:10:09] main.DEBUG: cache_invalidate:  {"method":"POST","url":"http://localhost:9090/m2team/setup/index.php/install/start","invalidateInfo":{"identifier":"DB_PDO_MYSQL_DDL_quote_item_1"},"is_exception":false} []
[2016-06-21 15:10:09] main.DEBUG: cache_invalidate:  {"method":"POST","url":"http://localhost:9090/m2team/setup/index.php/install/start","invalidateInfo":{"identifier":"DB_PDO_MYSQL_DDL_quote_item_2"},"is_exception":false} []
[2016-06-21 15:10:09] main.DEBUG: cache_invalidate:  {"method":"POST","url":"http://localhost:9090/m2team/setup/index.php/install/start","invalidateInfo":{"identifier":"DB_PDO_MYSQL_DDL_quote_item_3"},"is_exception":false} []
[2016-06-21 15:10:09] main.DEBUG: cache_invalidate:  {"method":"POST","url":"http://localhost:9090/m2team/setup/index.php/install/start","invalidateInfo":{"identifier":"DB_PDO_MYSQL_DDL_quote_item_4"},"is_exception":false} []
[2016-06-21 15:10:10] main.DEBUG: cache_invalidate:  {"method":"POST","url":"http://localhost:9090/m2team/setup/index.php/install/start","invalidateInfo":{"identifier":"DB_PDO_MYSQL_DDL_quote_item_1"},"is_exception":false} []
[2016-06-21 15:10:10] main.DEBUG: cache_invalidate:  {"method":"POST","url":"http://localhost:9090/m2team/setup/index.php/install/start","invalidateInfo":{"identifier":"DB_PDO_MYSQL_DDL_quote_item_2"},"is_exception":false} []
[2016-06-21 15:10:10] main.DEBUG: cache_invalidate:  {"method":"POST","url":"http://localhost:9090/m2team/setup/index.php/install/start","invalidateInfo":{"identifier":"DB_PDO_MYSQL_DDL_quote_item_3"},"is_exception":false} []
[2016-06-21 15:10:10] main.DEBUG: cache_invalidate:  {"method":"POST","url":"http://localhost:9090/m2team/setup/index.php/install/start","invalidateInfo":{"identifier":"DB_PDO_MYSQL_DDL_quote_item_4"},"is_exception":false} []
[2016-06-21 15:10:11] main.DEBUG: cache_invalidate:  {"method":"POST","url":"http://localhost:9090/m2team/setup/index.php/install/start","invalidateInfo":{"identifier":"DB_PDO_MYSQL_DDL_quote_item_1"},"is_exception":false} []
[2016-06-21 15:10:11] main.DEBUG: cache_invalidate:  {"method":"POST","url":"http://localhost:9090/m2team/setup/index.php/install/start","invalidateInfo":{"identifier":"DB_PDO_MYSQL_DDL_quote_item_2"},"is_exception":false} []
[2016-06-21 15:10:11] main.DEBUG: cache_invalidate:  {"method":"POST","url":"http://localhost:9090/m2team/setup/index.php/install/start","invalidateInfo":{"identifier":"DB_PDO_MYSQL_DDL_quote_item_3"},"is_exception":false} []
[2016-06-21 15:10:11] main.DEBUG: cache_invalidate:  {"method":"POST","url":"http://localhost:9090/m2team/setup/index.php/install/start","invalidateInfo":{"identifier":"DB_PDO_MYSQL_DDL_quote_item_4"},"is_exception":false} []
[2016-06-21 15:10:11] main.DEBUG: cache_invalidate:  {"method":"POST","url":"http://localhost:9090/m2team/setup/index.php/install/start","invalidateInfo":{"identifier":"DB_PDO_MYSQL_DDL_quote_item_1"},"is_exception":false} []
[2016-06-21 15:10:11] main.DEBUG: cache_invalidate:  {"method":"POST","url":"http://localhost:9090/m2team/setup/index.php/install/start","invalidateInfo":{"identifier":"DB_PDO_MYSQL_DDL_quote_item_2"},"is_exception":false} []
[2016-06-21 15:10:11] main.DEBUG: cache_invalidate:  {"method":"POST","url":"http://localhost:9090/m2team/setup/index.php/install/start","invalidateInfo":{"identifier":"DB_PDO_MYSQL_DDL_quote_item_3"},"is_exception":false} []
[2016-06-21 15:10:11] main.DEBUG: cache_invalidate:  {"method":"POST","url":"http://localhost:9090/m2team/setup/index.php/install/start","invalidateInfo":{"identifier":"DB_PDO_MYSQL_DDL_quote_item_4"},"is_exception":false} []
[2016-06-21 15:10:12] main.DEBUG: cache_invalidate:  {"method":"POST","url":"http://localhost:9090/m2team/setup/index.php/install/start","invalidateInfo":{"identifier":"DB_PDO_MYSQL_DDL_quote_item_1"},"is_exception":false} []
[2016-06-21 15:10:12] main.DEBUG: cache_invalidate:  {"method":"POST","url":"http://localhost:9090/m2team/setup/index.php/install/start","invalidateInfo":{"identifier":"DB_PDO_MYSQL_DDL_quote_item_2"},"is_exception":false} []
[2016-06-21 15:10:12] main.DEBUG: cache_invalidate:  {"method":"POST","url":"http://localhost:9090/m2team/setup/index.php/install/start","invalidateInfo":{"identifier":"DB_PDO_MYSQL_DDL_quote_item_3"},"is_exception":false} []
[2016-06-21 15:10:12] main.DEBUG: cache_invalidate:  {"method":"POST","url":"http://localhost:9090/m2team/setup/index.php/install/start","invalidateInfo":{"identifier":"DB_PDO_MYSQL_DDL_quote_item_4"},"is_exception":false} []
[2016-06-21 15:10:13] main.DEBUG: cache_invalidate:  {"method":"POST","url":"http://localhost:9090/m2team/setup/index.php/install/start","invalidateInfo":{"identifier":"DB_PDO_MYSQL_DDL_quote_item_1"},"is_exception":false} []
[2016-06-21 15:10:13] main.DEBUG: cache_invalidate:  {"method":"POST","url":"http://localhost:9090/m2team/setup/index.php/install/start","invalidateInfo":{"identifier":"DB_PDO_MYSQL_DDL_quote_item_2"},"is_exception":false} []
[2016-06-21 15:10:13] main.DEBUG: cache_invalidate:  {"method":"POST","url":"http://localhost:9090/m2team/setup/index.php/install/start","invalidateInfo":{"identifier":"DB_PDO_MYSQL_DDL_quote_item_3"},"is_exception":false} []
[2016-06-21 15:10:13] main.DEBUG: cache_invalidate:  {"method":"POST","url":"http://localhost:9090/m2team/setup/index.php/install/start","invalidateInfo":{"identifier":"DB_PDO_MYSQL_DDL_quote_item_4"},"is_exception":false} []
[2016-06-21 15:10:14] main.DEBUG: cache_invalidate:  {"method":"POST","url":"http://localhost:9090/m2team/setup/index.php/install/start","invalidateInfo":{"identifier":"DB_PDO_MYSQL_DDL_quote_item_1"},"is_exception":false} []
[2016-06-21 15:10:14] main.DEBUG: cache_invalidate:  {"method":"POST","url":"http://localhost:9090/m2team/setup/index.php/install/start","invalidateInfo":{"identifier":"DB_PDO_MYSQL_DDL_quote_item_2"},"is_exception":false} []
[2016-06-21 15:10:14] main.DEBUG: cache_invalidate:  {"method":"POST","url":"http://localhost:9090/m2team/setup/index.php/install/start","invalidateInfo":{"identifier":"DB_PDO_MYSQL_DDL_quote_item_3"},"is_exception":false} []
[2016-06-21 15:10:14] main.DEBUG: cache_invalidate:  {"method":"POST","url":"http://localhost:9090/m2team/setup/index.php/install/start","invalidateInfo":{"identifier":"DB_PDO_MYSQL_DDL_quote_item_4"},"is_exception":false} []
[2016-06-21 15:10:15] main.DEBUG: cache_invalidate:  {"method":"POST","url":"http://localhost:9090/m2team/setup/index.php/install/start","invalidateInfo":{"identifier":"DB_PDO_MYSQL_DDL_sales_order_item_1"},"is_exception":false} []
[2016-06-21 15:10:15] main.DEBUG: cache_invalidate:  {"method":"POST","url":"http://localhost:9090/m2team/setup/index.php/install/start","invalidateInfo":{"identifier":"DB_PDO_MYSQL_DDL_sales_order_item_2"},"is_exception":false} []
[2016-06-21 15:10:15] main.DEBUG: cache_invalidate:  {"method":"POST","url":"http://localhost:9090/m2team/setup/index.php/install/start","invalidateInfo":{"identifier":"DB_PDO_MYSQL_DDL_sales_order_item_3"},"is_exception":false} []
[2016-06-21 15:10:15] main.DEBUG: cache_invalidate:  {"method":"POST","url":"http://localhost:9090/m2team/setup/index.php/install/start","invalidateInfo":{"identifier":"DB_PDO_MYSQL_DDL_sales_order_item_4"},"is_exception":false} []
[2016-06-21 15:10:15] main.DEBUG: cache_invalidate:  {"method":"POST","url":"http://localhost:9090/m2team/setup/index.php/install/start","invalidateInfo":{"identifier":"DB_PDO_MYSQL_DDL_sales_order_item_1"},"is_exception":false} []
[2016-06-21 15:10:15] main.DEBUG: cache_invalidate:  {"method":"POST","url":"http://localhost:9090/m2team/setup/index.php/install/start","invalidateInfo":{"identifier":"DB_PDO_MYSQL_DDL_sales_order_item_2"},"is_exception":false} []
[2016-06-21 15:10:15] main.DEBUG: cache_invalidate:  {"method":"POST","url":"http://localhost:9090/m2team/setup/index.php/install/start","invalidateInfo":{"identifier":"DB_PDO_MYSQL_DDL_sales_order_item_3"},"is_exception":false} []
[2016-06-21 15:10:15] main.DEBUG: cache_invalidate:  {"method":"POST","url":"http://localhost:9090/m2team/setup/index.php/install/start","invalidateInfo":{"identifier":"DB_PDO_MYSQL_DDL_sales_order_item_4"},"is_exception":false} []
[2016-06-21 15:10:17] main.DEBUG: cache_invalidate:  {"method":"POST","url":"http://localhost:9090/m2team/setup/index.php/install/start","invalidateInfo":{"identifier":"DB_PDO_MYSQL_DDL_sales_order_item_1"},"is_exception":false} []
[2016-06-21 15:10:17] main.DEBUG: cache_invalidate:  {"method":"POST","url":"http://localhost:9090/m2team/setup/index.php/install/start","invalidateInfo":{"identifier":"DB_PDO_MYSQL_DDL_sales_order_item_2"},"is_exception":false} []
[2016-06-21 15:10:17] main.DEBUG: cache_invalidate:  {"method":"POST","url":"http://localhost:9090/m2team/setup/index.php/install/start","invalidateInfo":{"identifier":"DB_PDO_MYSQL_DDL_sales_order_item_3"},"is_exception":false} []
[2016-06-21 15:10:17] main.DEBUG: cache_invalidate:  {"method":"POST","url":"http://localhost:9090/m2team/setup/index.php/install/start","invalidateInfo":{"identifier":"DB_PDO_MYSQL_DDL_sales_order_item_4"},"is_exception":false} []
[2016-06-21 15:10:17] main.DEBUG: cache_invalidate:  {"method":"POST","url":"http://localhost:9090/m2team/setup/index.php/install/start","invalidateInfo":{"identifier":"DB_PDO_MYSQL_DDL_sales_order_item_1"},"is_exception":false} []
[2016-06-21 15:10:17] main.DEBUG: cache_invalidate:  {"method":"POST","url":"http://localhost:9090/m2team/setup/index.php/install/start","invalidateInfo":{"identifier":"DB_PDO_MYSQL_DDL_sales_order_item_2"},"is_exception":false} []
[2016-06-21 15:10:17] main.DEBUG: cache_invalidate:  {"method":"POST","url":"http://localhost:9090/m2team/setup/index.php/install/start","invalidateInfo":{"identifier":"DB_PDO_MYSQL_DDL_sales_order_item_3"},"is_exception":false} []
[2016-06-21 15:10:17] main.DEBUG: cache_invalidate:  {"method":"POST","url":"http://localhost:9090/m2team/setup/index.php/install/start","invalidateInfo":{"identifier":"DB_PDO_MYSQL_DDL_sales_order_item_4"},"is_exception":false} []
[2016-06-21 15:10:19] main.DEBUG: cache_invalidate:  {"method":"POST","url":"http://localhost:9090/m2team/setup/index.php/install/start","invalidateInfo":{"identifier":"DB_PDO_MYSQL_DDL_sales_order_item_1"},"is_exception":false} []
[2016-06-21 15:10:19] main.DEBUG: cache_invalidate:  {"method":"POST","url":"http://localhost:9090/m2team/setup/index.php/install/start","invalidateInfo":{"identifier":"DB_PDO_MYSQL_DDL_sales_order_item_2"},"is_exception":false} []
[2016-06-21 15:10:19] main.DEBUG: cache_invalidate:  {"method":"POST","url":"http://localhost:9090/m2team/setup/index.php/install/start","invalidateInfo":{"identifier":"DB_PDO_MYSQL_DDL_sales_order_item_3"},"is_exception":false} []
[2016-06-21 15:10:19] main.DEBUG: cache_invalidate:  {"method":"POST","url":"http://localhost:9090/m2team/setup/index.php/install/start","invalidateInfo":{"identifier":"DB_PDO_MYSQL_DDL_sales_order_item_4"},"is_exception":false} []
[2016-06-21 15:10:20] main.DEBUG: cache_invalidate:  {"method":"POST","url":"http://localhost:9090/m2team/setup/index.php/install/start","invalidateInfo":{"identifier":"DB_PDO_MYSQL_DDL_sales_order_item_1"},"is_exception":false} []
[2016-06-21 15:10:20] main.DEBUG: cache_invalidate:  {"method":"POST","url":"http://localhost:9090/m2team/setup/index.php/install/start","invalidateInfo":{"identifier":"DB_PDO_MYSQL_DDL_sales_order_item_2"},"is_exception":false} []
[2016-06-21 15:10:20] main.DEBUG: cache_invalidate:  {"method":"POST","url":"http://localhost:9090/m2team/setup/index.php/install/start","invalidateInfo":{"identifier":"DB_PDO_MYSQL_DDL_sales_order_item_3"},"is_exception":false} []
[2016-06-21 15:10:20] main.DEBUG: cache_invalidate:  {"method":"POST","url":"http://localhost:9090/m2team/setup/index.php/install/start","invalidateInfo":{"identifier":"DB_PDO_MYSQL_DDL_sales_order_item_4"},"is_exception":false} []
[2016-06-21 15:10:20] main.DEBUG: cache_invalidate:  {"method":"POST","url":"http://localhost:9090/m2team/setup/index.php/install/start","invalidateInfo":{"identifier":"DB_PDO_MYSQL_DDL_sales_order_item_1"},"is_exception":false} []
[2016-06-21 15:10:20] main.DEBUG: cache_invalidate:  {"method":"POST","url":"http://localhost:9090/m2team/setup/index.php/install/start","invalidateInfo":{"identifier":"DB_PDO_MYSQL_DDL_sales_order_item_2"},"is_exception":false} []
[2016-06-21 15:10:20] main.DEBUG: cache_invalidate:  {"method":"POST","url":"http://localhost:9090/m2team/setup/index.php/install/start","invalidateInfo":{"identifier":"DB_PDO_MYSQL_DDL_sales_order_item_3"},"is_exception":false} []
[2016-06-21 15:10:20] main.DEBUG: cache_invalidate:  {"method":"POST","url":"http://localhost:9090/m2team/setup/index.php/install/start","invalidateInfo":{"identifier":"DB_PDO_MYSQL_DDL_sales_order_item_4"},"is_exception":false} []
[2016-06-21 15:10:22] main.DEBUG: cache_invalidate:  {"method":"POST","url":"http://localhost:9090/m2team/setup/index.php/install/start","invalidateInfo":{"identifier":"DB_PDO_MYSQL_DDL_sales_order_item_1"},"is_exception":false} []
[2016-06-21 15:10:22] main.DEBUG: cache_invalidate:  {"method":"POST","url":"http://localhost:9090/m2team/setup/index.php/install/start","invalidateInfo":{"identifier":"DB_PDO_MYSQL_DDL_sales_order_item_2"},"is_exception":false} []
[2016-06-21 15:10:22] main.DEBUG: cache_invalidate:  {"method":"POST","url":"http://localhost:9090/m2team/setup/index.php/install/start","invalidateInfo":{"identifier":"DB_PDO_MYSQL_DDL_sales_order_item_3"},"is_exception":false} []
[2016-06-21 15:10:22] main.DEBUG: cache_invalidate:  {"method":"POST","url":"http://localhost:9090/m2team/setup/index.php/install/start","invalidateInfo":{"identifier":"DB_PDO_MYSQL_DDL_sales_order_item_4"},"is_exception":false} []
[2016-06-21 15:10:23] main.DEBUG: cache_invalidate:  {"method":"POST","url":"http://localhost:9090/m2team/setup/index.php/install/start","invalidateInfo":{"identifier":"DB_PDO_MYSQL_DDL_sales_order_item_1"},"is_exception":false} []
[2016-06-21 15:10:23] main.DEBUG: cache_invalidate:  {"method":"POST","url":"http://localhost:9090/m2team/setup/index.php/install/start","invalidateInfo":{"identifier":"DB_PDO_MYSQL_DDL_sales_order_item_2"},"is_exception":false} []
[2016-06-21 15:10:23] main.DEBUG: cache_invalidate:  {"method":"POST","url":"http://localhost:9090/m2team/setup/index.php/install/start","invalidateInfo":{"identifier":"DB_PDO_MYSQL_DDL_sales_order_item_3"},"is_exception":false} []
[2016-06-21 15:10:23] main.DEBUG: cache_invalidate:  {"method":"POST","url":"http://localhost:9090/m2team/setup/index.php/install/start","invalidateInfo":{"identifier":"DB_PDO_MYSQL_DDL_sales_order_item_4"},"is_exception":false} []
[2016-06-21 15:10:24] main.DEBUG: cache_invalidate:  {"method":"POST","url":"http://localhost:9090/m2team/setup/index.php/install/start","invalidateInfo":{"identifier":"DB_PDO_MYSQL_DDL_sales_invoice_item_1"},"is_exception":false} []
[2016-06-21 15:10:24] main.DEBUG: cache_invalidate:  {"method":"POST","url":"http://localhost:9090/m2team/setup/index.php/install/start","invalidateInfo":{"identifier":"DB_PDO_MYSQL_DDL_sales_invoice_item_2"},"is_exception":false} []
[2016-06-21 15:10:24] main.DEBUG: cache_invalidate:  {"method":"POST","url":"http://localhost:9090/m2team/setup/index.php/install/start","invalidateInfo":{"identifier":"DB_PDO_MYSQL_DDL_sales_invoice_item_3"},"is_exception":false} []
[2016-06-21 15:10:24] main.DEBUG: cache_invalidate:  {"method":"POST","url":"http://localhost:9090/m2team/setup/index.php/install/start","invalidateInfo":{"identifier":"DB_PDO_MYSQL_DDL_sales_invoice_item_4"},"is_exception":false} []
[2016-06-21 15:10:24] main.DEBUG: cache_invalidate:  {"method":"POST","url":"http://localhost:9090/m2team/setup/index.php/install/start","invalidateInfo":{"identifier":"DB_PDO_MYSQL_DDL_sales_invoice_item_1"},"is_exception":false} []
[2016-06-21 15:10:24] main.DEBUG: cache_invalidate:  {"method":"POST","url":"http://localhost:9090/m2team/setup/index.php/install/start","invalidateInfo":{"identifier":"DB_PDO_MYSQL_DDL_sales_invoice_item_2"},"is_exception":false} []
[2016-06-21 15:10:24] main.DEBUG: cache_invalidate:  {"method":"POST","url":"http://localhost:9090/m2team/setup/index.php/install/start","invalidateInfo":{"identifier":"DB_PDO_MYSQL_DDL_sales_invoice_item_3"},"is_exception":false} []
[2016-06-21 15:10:24] main.DEBUG: cache_invalidate:  {"method":"POST","url":"http://localhost:9090/m2team/setup/index.php/install/start","invalidateInfo":{"identifier":"DB_PDO_MYSQL_DDL_sales_invoice_item_4"},"is_exception":false} []
[2016-06-21 15:10:25] main.DEBUG: cache_invalidate:  {"method":"POST","url":"http://localhost:9090/m2team/setup/index.php/install/start","invalidateInfo":{"identifier":"DB_PDO_MYSQL_DDL_sales_invoice_item_1"},"is_exception":false} []
[2016-06-21 15:10:25] main.DEBUG: cache_invalidate:  {"method":"POST","url":"http://localhost:9090/m2team/setup/index.php/install/start","invalidateInfo":{"identifier":"DB_PDO_MYSQL_DDL_sales_invoice_item_2"},"is_exception":false} []
[2016-06-21 15:10:25] main.DEBUG: cache_invalidate:  {"method":"POST","url":"http://localhost:9090/m2team/setup/index.php/install/start","invalidateInfo":{"identifier":"DB_PDO_MYSQL_DDL_sales_invoice_item_3"},"is_exception":false} []
[2016-06-21 15:10:25] main.DEBUG: cache_invalidate:  {"method":"POST","url":"http://localhost:9090/m2team/setup/index.php/install/start","invalidateInfo":{"identifier":"DB_PDO_MYSQL_DDL_sales_invoice_item_4"},"is_exception":false} []
[2016-06-21 15:10:26] main.DEBUG: cache_invalidate:  {"method":"POST","url":"http://localhost:9090/m2team/setup/index.php/install/start","invalidateInfo":{"identifier":"DB_PDO_MYSQL_DDL_sales_invoice_item_1"},"is_exception":false} []
[2016-06-21 15:10:26] main.DEBUG: cache_invalidate:  {"method":"POST","url":"http://localhost:9090/m2team/setup/index.php/install/start","invalidateInfo":{"identifier":"DB_PDO_MYSQL_DDL_sales_invoice_item_2"},"is_exception":false} []
[2016-06-21 15:10:26] main.DEBUG: cache_invalidate:  {"method":"POST","url":"http://localhost:9090/m2team/setup/index.php/install/start","invalidateInfo":{"identifier":"DB_PDO_MYSQL_DDL_sales_invoice_item_3"},"is_exception":false} []
[2016-06-21 15:10:26] main.DEBUG: cache_invalidate:  {"method":"POST","url":"http://localhost:9090/m2team/setup/index.php/install/start","invalidateInfo":{"identifier":"DB_PDO_MYSQL_DDL_sales_invoice_item_4"},"is_exception":false} []
[2016-06-21 15:10:27] main.DEBUG: cache_invalidate:  {"method":"POST","url":"http://localhost:9090/m2team/setup/index.php/install/start","invalidateInfo":{"identifier":"DB_PDO_MYSQL_DDL_sales_invoice_item_1"},"is_exception":false} []
[2016-06-21 15:10:27] main.DEBUG: cache_invalidate:  {"method":"POST","url":"http://localhost:9090/m2team/setup/index.php/install/start","invalidateInfo":{"identifier":"DB_PDO_MYSQL_DDL_sales_invoice_item_2"},"is_exception":false} []
[2016-06-21 15:10:27] main.DEBUG: cache_invalidate:  {"method":"POST","url":"http://localhost:9090/m2team/setup/index.php/install/start","invalidateInfo":{"identifier":"DB_PDO_MYSQL_DDL_sales_invoice_item_3"},"is_exception":false} []
[2016-06-21 15:10:27] main.DEBUG: cache_invalidate:  {"method":"POST","url":"http://localhost:9090/m2team/setup/index.php/install/start","invalidateInfo":{"identifier":"DB_PDO_MYSQL_DDL_sales_invoice_item_4"},"is_exception":false} []
[2016-06-21 15:10:27] main.DEBUG: cache_invalidate:  {"method":"POST","url":"http://localhost:9090/m2team/setup/index.php/install/start","invalidateInfo":{"identifier":"DB_PDO_MYSQL_DDL_sales_invoice_item_1"},"is_exception":false} []
[2016-06-21 15:10:27] main.DEBUG: cache_invalidate:  {"method":"POST","url":"http://localhost:9090/m2team/setup/index.php/install/start","invalidateInfo":{"identifier":"DB_PDO_MYSQL_DDL_sales_invoice_item_2"},"is_exception":false} []
[2016-06-21 15:10:27] main.DEBUG: cache_invalidate:  {"method":"POST","url":"http://localhost:9090/m2team/setup/index.php/install/start","invalidateInfo":{"identifier":"DB_PDO_MYSQL_DDL_sales_invoice_item_3"},"is_exception":false} []
[2016-06-21 15:10:27] main.DEBUG: cache_invalidate:  {"method":"POST","url":"http://localhost:9090/m2team/setup/index.php/install/start","invalidateInfo":{"identifier":"DB_PDO_MYSQL_DDL_sales_invoice_item_4"},"is_exception":false} []
[2016-06-21 15:10:28] main.DEBUG: cache_invalidate:  {"method":"POST","url":"http://localhost:9090/m2team/setup/index.php/install/start","invalidateInfo":{"identifier":"DB_PDO_MYSQL_DDL_sales_invoice_item_1"},"is_exception":false} []
[2016-06-21 15:10:28] main.DEBUG: cache_invalidate:  {"method":"POST","url":"http://localhost:9090/m2team/setup/index.php/install/start","invalidateInfo":{"identifier":"DB_PDO_MYSQL_DDL_sales_invoice_item_2"},"is_exception":false} []
[2016-06-21 15:10:28] main.DEBUG: cache_invalidate:  {"method":"POST","url":"http://localhost:9090/m2team/setup/index.php/install/start","invalidateInfo":{"identifier":"DB_PDO_MYSQL_DDL_sales_invoice_item_3"},"is_exception":false} []
[2016-06-21 15:10:28] main.DEBUG: cache_invalidate:  {"method":"POST","url":"http://localhost:9090/m2team/setup/index.php/install/start","invalidateInfo":{"identifier":"DB_PDO_MYSQL_DDL_sales_invoice_item_4"},"is_exception":false} []
[2016-06-21 15:10:29] main.DEBUG: cache_invalidate:  {"method":"POST","url":"http://localhost:9090/m2team/setup/index.php/install/start","invalidateInfo":{"identifier":"DB_PDO_MYSQL_DDL_sales_invoice_item_1"},"is_exception":false} []
[2016-06-21 15:10:29] main.DEBUG: cache_invalidate:  {"method":"POST","url":"http://localhost:9090/m2team/setup/index.php/install/start","invalidateInfo":{"identifier":"DB_PDO_MYSQL_DDL_sales_invoice_item_2"},"is_exception":false} []
[2016-06-21 15:10:29] main.DEBUG: cache_invalidate:  {"method":"POST","url":"http://localhost:9090/m2team/setup/index.php/install/start","invalidateInfo":{"identifier":"DB_PDO_MYSQL_DDL_sales_invoice_item_3"},"is_exception":false} []
[2016-06-21 15:10:29] main.DEBUG: cache_invalidate:  {"method":"POST","url":"http://localhost:9090/m2team/setup/index.php/install/start","invalidateInfo":{"identifier":"DB_PDO_MYSQL_DDL_sales_invoice_item_4"},"is_exception":false} []
[2016-06-21 15:10:30] main.DEBUG: cache_invalidate:  {"method":"POST","url":"http://localhost:9090/m2team/setup/index.php/install/start","invalidateInfo":{"identifier":"DB_PDO_MYSQL_DDL_sales_invoice_item_1"},"is_exception":false} []
[2016-06-21 15:10:30] main.DEBUG: cache_invalidate:  {"method":"POST","url":"http://localhost:9090/m2team/setup/index.php/install/start","invalidateInfo":{"identifier":"DB_PDO_MYSQL_DDL_sales_invoice_item_2"},"is_exception":false} []
[2016-06-21 15:10:30] main.DEBUG: cache_invalidate:  {"method":"POST","url":"http://localhost:9090/m2team/setup/index.php/install/start","invalidateInfo":{"identifier":"DB_PDO_MYSQL_DDL_sales_invoice_item_3"},"is_exception":false} []
[2016-06-21 15:10:30] main.DEBUG: cache_invalidate:  {"method":"POST","url":"http://localhost:9090/m2team/setup/index.php/install/start","invalidateInfo":{"identifier":"DB_PDO_MYSQL_DDL_sales_invoice_item_4"},"is_exception":false} []
[2016-06-21 15:10:32] main.DEBUG: cache_invalidate:  {"method":"POST","url":"http://localhost:9090/m2team/setup/index.php/install/start","invalidateInfo":{"identifier":"DB_PDO_MYSQL_DDL_sales_creditmemo_item_1"},"is_exception":false} []
[2016-06-21 15:10:32] main.DEBUG: cache_invalidate:  {"method":"POST","url":"http://localhost:9090/m2team/setup/index.php/install/start","invalidateInfo":{"identifier":"DB_PDO_MYSQL_DDL_sales_creditmemo_item_2"},"is_exception":false} []
[2016-06-21 15:10:32] main.DEBUG: cache_invalidate:  {"method":"POST","url":"http://localhost:9090/m2team/setup/index.php/install/start","invalidateInfo":{"identifier":"DB_PDO_MYSQL_DDL_sales_creditmemo_item_3"},"is_exception":false} []
[2016-06-21 15:10:32] main.DEBUG: cache_invalidate:  {"method":"POST","url":"http://localhost:9090/m2team/setup/index.php/install/start","invalidateInfo":{"identifier":"DB_PDO_MYSQL_DDL_sales_creditmemo_item_4"},"is_exception":false} []
[2016-06-21 15:10:33] main.DEBUG: cache_invalidate:  {"method":"POST","url":"http://localhost:9090/m2team/setup/index.php/install/start","invalidateInfo":{"identifier":"DB_PDO_MYSQL_DDL_sales_creditmemo_item_1"},"is_exception":false} []
[2016-06-21 15:10:33] main.DEBUG: cache_invalidate:  {"method":"POST","url":"http://localhost:9090/m2team/setup/index.php/install/start","invalidateInfo":{"identifier":"DB_PDO_MYSQL_DDL_sales_creditmemo_item_2"},"is_exception":false} []
[2016-06-21 15:10:33] main.DEBUG: cache_invalidate:  {"method":"POST","url":"http://localhost:9090/m2team/setup/index.php/install/start","invalidateInfo":{"identifier":"DB_PDO_MYSQL_DDL_sales_creditmemo_item_3"},"is_exception":false} []
[2016-06-21 15:10:33] main.DEBUG: cache_invalidate:  {"method":"POST","url":"http://localhost:9090/m2team/setup/index.php/install/start","invalidateInfo":{"identifier":"DB_PDO_MYSQL_DDL_sales_creditmemo_item_4"},"is_exception":false} []
[2016-06-21 15:10:33] main.DEBUG: cache_invalidate:  {"method":"POST","url":"http://localhost:9090/m2team/setup/index.php/install/start","invalidateInfo":{"identifier":"DB_PDO_MYSQL_DDL_sales_creditmemo_item_1"},"is_exception":false} []
[2016-06-21 15:10:33] main.DEBUG: cache_invalidate:  {"method":"POST","url":"http://localhost:9090/m2team/setup/index.php/install/start","invalidateInfo":{"identifier":"DB_PDO_MYSQL_DDL_sales_creditmemo_item_2"},"is_exception":false} []
[2016-06-21 15:10:33] main.DEBUG: cache_invalidate:  {"method":"POST","url":"http://localhost:9090/m2team/setup/index.php/install/start","invalidateInfo":{"identifier":"DB_PDO_MYSQL_DDL_sales_creditmemo_item_3"},"is_exception":false} []
[2016-06-21 15:10:33] main.DEBUG: cache_invalidate:  {"method":"POST","url":"http://localhost:9090/m2team/setup/index.php/install/start","invalidateInfo":{"identifier":"DB_PDO_MYSQL_DDL_sales_creditmemo_item_4"},"is_exception":false} []
[2016-06-21 15:10:37] main.DEBUG: cache_invalidate:  {"method":"POST","url":"http://localhost:9090/m2team/setup/index.php/install/start","invalidateInfo":{"identifier":"DB_PDO_MYSQL_DDL_sales_creditmemo_item_1"},"is_exception":false} []
[2016-06-21 15:10:37] main.DEBUG: cache_invalidate:  {"method":"POST","url":"http://localhost:9090/m2team/setup/index.php/install/start","invalidateInfo":{"identifier":"DB_PDO_MYSQL_DDL_sales_creditmemo_item_2"},"is_exception":false} []
[2016-06-21 15:10:37] main.DEBUG: cache_invalidate:  {"method":"POST","url":"http://localhost:9090/m2team/setup/index.php/install/start","invalidateInfo":{"identifier":"DB_PDO_MYSQL_DDL_sales_creditmemo_item_3"},"is_exception":false} []
[2016-06-21 15:10:37] main.DEBUG: cache_invalidate:  {"method":"POST","url":"http://localhost:9090/m2team/setup/index.php/install/start","invalidateInfo":{"identifier":"DB_PDO_MYSQL_DDL_sales_creditmemo_item_4"},"is_exception":false} []
[2016-06-21 15:10:45] main.DEBUG: cache_invalidate:  {"method":"POST","url":"http://localhost:9090/m2team/setup/index.php/install/start","invalidateInfo":{"identifier":"DB_PDO_MYSQL_DDL_sales_creditmemo_item_1"},"is_exception":false} []
[2016-06-21 15:10:45] main.DEBUG: cache_invalidate:  {"method":"POST","url":"http://localhost:9090/m2team/setup/index.php/install/start","invalidateInfo":{"identifier":"DB_PDO_MYSQL_DDL_sales_creditmemo_item_2"},"is_exception":false} []
[2016-06-21 15:10:45] main.DEBUG: cache_invalidate:  {"method":"POST","url":"http://localhost:9090/m2team/setup/index.php/install/start","invalidateInfo":{"identifier":"DB_PDO_MYSQL_DDL_sales_creditmemo_item_3"},"is_exception":false} []
[2016-06-21 15:10:45] main.DEBUG: cache_invalidate:  {"method":"POST","url":"http://localhost:9090/m2team/setup/index.php/install/start","invalidateInfo":{"identifier":"DB_PDO_MYSQL_DDL_sales_creditmemo_item_4"},"is_exception":false} []
[2016-06-21 15:10:50] main.DEBUG: cache_invalidate:  {"method":"POST","url":"http://localhost:9090/m2team/setup/index.php/install/start","invalidateInfo":{"identifier":"DB_PDO_MYSQL_DDL_sales_creditmemo_item_1"},"is_exception":false} []
[2016-06-21 15:10:50] main.DEBUG: cache_invalidate:  {"method":"POST","url":"http://localhost:9090/m2team/setup/index.php/install/start","invalidateInfo":{"identifier":"DB_PDO_MYSQL_DDL_sales_creditmemo_item_2"},"is_exception":false} []
[2016-06-21 15:10:50] main.DEBUG: cache_invalidate:  {"method":"POST","url":"http://localhost:9090/m2team/setup/index.php/install/start","invalidateInfo":{"identifier":"DB_PDO_MYSQL_DDL_sales_creditmemo_item_3"},"is_exception":false} []
[2016-06-21 15:10:50] main.DEBUG: cache_invalidate:  {"method":"POST","url":"http://localhost:9090/m2team/setup/index.php/install/start","invalidateInfo":{"identifier":"DB_PDO_MYSQL_DDL_sales_creditmemo_item_4"},"is_exception":false} []
[2016-06-21 15:10:52] main.DEBUG: cache_invalidate:  {"method":"POST","url":"http://localhost:9090/m2team/setup/index.php/install/start","invalidateInfo":{"identifier":"DB_PDO_MYSQL_DDL_sales_creditmemo_item_1"},"is_exception":false} []
[2016-06-21 15:10:52] main.DEBUG: cache_invalidate:  {"method":"POST","url":"http://localhost:9090/m2team/setup/index.php/install/start","invalidateInfo":{"identifier":"DB_PDO_MYSQL_DDL_sales_creditmemo_item_2"},"is_exception":false} []
[2016-06-21 15:10:52] main.DEBUG: cache_invalidate:  {"method":"POST","url":"http://localhost:9090/m2team/setup/index.php/install/start","invalidateInfo":{"identifier":"DB_PDO_MYSQL_DDL_sales_creditmemo_item_3"},"is_exception":false} []
[2016-06-21 15:10:52] main.DEBUG: cache_invalidate:  {"method":"POST","url":"http://localhost:9090/m2team/setup/index.php/install/start","invalidateInfo":{"identifier":"DB_PDO_MYSQL_DDL_sales_creditmemo_item_4"},"is_exception":false} []
[2016-06-21 15:10:53] main.DEBUG: cache_invalidate:  {"method":"POST","url":"http://localhost:9090/m2team/setup/index.php/install/start","invalidateInfo":{"identifier":"DB_PDO_MYSQL_DDL_sales_creditmemo_item_1"},"is_exception":false} []
[2016-06-21 15:10:53] main.DEBUG: cache_invalidate:  {"method":"POST","url":"http://localhost:9090/m2team/setup/index.php/install/start","invalidateInfo":{"identifier":"DB_PDO_MYSQL_DDL_sales_creditmemo_item_2"},"is_exception":false} []
[2016-06-21 15:10:53] main.DEBUG: cache_invalidate:  {"method":"POST","url":"http://localhost:9090/m2team/setup/index.php/install/start","invalidateInfo":{"identifier":"DB_PDO_MYSQL_DDL_sales_creditmemo_item_3"},"is_exception":false} []
[2016-06-21 15:10:53] main.DEBUG: cache_invalidate:  {"method":"POST","url":"http://localhost:9090/m2team/setup/index.php/install/start","invalidateInfo":{"identifier":"DB_PDO_MYSQL_DDL_sales_creditmemo_item_4"},"is_exception":false} []
[2016-06-21 15:10:54] main.DEBUG: cache_invalidate:  {"method":"POST","url":"http://localhost:9090/m2team/setup/index.php/install/start","invalidateInfo":{"identifier":"DB_PDO_MYSQL_DDL_sales_creditmemo_item_1"},"is_exception":false} []
[2016-06-21 15:10:54] main.DEBUG: cache_invalidate:  {"method":"POST","url":"http://localhost:9090/m2team/setup/index.php/install/start","invalidateInfo":{"identifier":"DB_PDO_MYSQL_DDL_sales_creditmemo_item_2"},"is_exception":false} []
[2016-06-21 15:10:54] main.DEBUG: cache_invalidate:  {"method":"POST","url":"http://localhost:9090/m2team/setup/index.php/install/start","invalidateInfo":{"identifier":"DB_PDO_MYSQL_DDL_sales_creditmemo_item_3"},"is_exception":false} []
[2016-06-21 15:10:54] main.DEBUG: cache_invalidate:  {"method":"POST","url":"http://localhost:9090/m2team/setup/index.php/install/start","invalidateInfo":{"identifier":"DB_PDO_MYSQL_DDL_sales_creditmemo_item_4"},"is_exception":false} []
[2016-06-21 15:10:54] main.DEBUG: cache_invalidate:  {"method":"POST","url":"http://localhost:9090/m2team/setup/index.php/install/start","invalidateInfo":{"tags":["CONFIG"],"mode":"matchingTag"},"is_exception":false} []
[2016-06-21 15:10:54] main.DEBUG: cache_invalidate:  {"method":"POST","url":"http://localhost:9090/m2team/setup/index.php/install/start","invalidateInfo":{"tags":["LAYOUT_GENERAL_CACHE_TAG"],"mode":"matchingTag"},"is_exception":false} []
[2016-06-21 15:10:54] main.DEBUG: cache_invalidate:  {"method":"POST","url":"http://localhost:9090/m2team/setup/index.php/install/start","invalidateInfo":{"tags":["BLOCK_HTML"],"mode":"matchingTag"},"is_exception":false} []
[2016-06-21 15:10:54] main.DEBUG: cache_invalidate:  {"method":"POST","url":"http://localhost:9090/m2team/setup/index.php/install/start","invalidateInfo":{"tags":["COLLECTION_DATA"],"mode":"matchingTag"},"is_exception":false} []
[2016-06-21 15:10:54] main.DEBUG: cache_invalidate:  {"method":"POST","url":"http://localhost:9090/m2team/setup/index.php/install/start","invalidateInfo":{"tags":["REFLECTION"],"mode":"matchingTag"},"is_exception":false} []
[2016-06-21 15:10:54] main.DEBUG: cache_invalidate:  {"method":"POST","url":"http://localhost:9090/m2team/setup/index.php/install/start","invalidateInfo":{"tags":["DB_DDL"],"mode":"matchingTag"},"is_exception":false} []
[2016-06-21 15:10:54] main.DEBUG: cache_invalidate:  {"method":"POST","url":"http://localhost:9090/m2team/setup/index.php/install/start","invalidateInfo":{"tags":["EAV"],"mode":"matchingTag"},"is_exception":false} []
[2016-06-21 15:10:54] main.DEBUG: cache_invalidate:  {"method":"POST","url":"http://localhost:9090/m2team/setup/index.php/install/start","invalidateInfo":{"tags":["INTEGRATION"],"mode":"matchingTag"},"is_exception":false} []
[2016-06-21 15:10:54] main.DEBUG: cache_invalidate:  {"method":"POST","url":"http://localhost:9090/m2team/setup/index.php/install/start","invalidateInfo":{"tags":["INTEGRATION_API_CONFIG"],"mode":"matchingTag"},"is_exception":false} []
[2016-06-21 15:10:54] main.DEBUG: cache_invalidate:  {"method":"POST","url":"http://localhost:9090/m2team/setup/index.php/install/start","invalidateInfo":{"tags":["FPC"],"mode":"matchingTag"},"is_exception":false} []
[2016-06-21 15:10:54] main.DEBUG: cache_invalidate:  {"method":"POST","url":"http://localhost:9090/m2team/setup/index.php/install/start","invalidateInfo":{"tags":["TRANSLATE"],"mode":"matchingTag"},"is_exception":false} []
[2016-06-21 15:10:54] main.DEBUG: cache_invalidate:  {"method":"POST","url":"http://localhost:9090/m2team/setup/index.php/install/start","invalidateInfo":{"tags":["WEBSERVICE"],"mode":"matchingTag"},"is_exception":false} []
[2016-06-21 15:10:59] main.DEBUG: cache_invalidate:  {"method":"POST","url":"http://localhost:9090/m2team/setup/index.php/install/progress","invalidateInfo":{"tags":["interception","CONFIG"],"mode":"matchingTag"},"is_exception":false} []
[2016-06-21 15:10:59] main.DEBUG: cache_invalidate:  {"method":"GET","url":"http://localhost:9090/m2team/setup/index.php/success","invalidateInfo":{"tags":["interception","CONFIG"],"mode":"matchingTag"},"is_exception":false} []
